[    0.000000] Initializing cgroup subsys cpuset
[    0.000000] Initializing cgroup subsys cpu
[    0.000000] Initializing cgroup subsys cpuacct
[    0.000000] Linux version 4.4.0-210-generic (buildd@lgw01-amd64-009) (gcc version 5.4.0 20160609 (Ubuntu 5.4.0-6ubuntu1~16.04.12) ) #242-Ubuntu SMP Fri Apr 16 09:57:56 UTC 2021 (Ubuntu 4.4.0-210.242-generic 4.4.262)
[    0.000000] Command line: BOOT_IMAGE=/boot/vmlinuz-4.4.0-210-generic root=LABEL=cloudimg-rootfs ro console=tty1 console=ttyS0
[    0.000000] KERNEL supported cpus:
[    0.000000]   Intel GenuineIntel
[    0.000000]   AMD AuthenticAMD
[    0.000000]   Centaur CentaurHauls
[    0.000000] x86/fpu: xstate_offset[2]:  576, xstate_sizes[2]:  256
[    0.000000] x86/fpu: Supporting XSAVE feature 0x01: 'x87 floating point registers'
[    0.000000] x86/fpu: Supporting XSAVE feature 0x02: 'SSE registers'
[    0.000000] x86/fpu: Supporting XSAVE feature 0x04: 'AVX registers'
[    0.000000] x86/fpu: Enabled xstate features 0x7, context size is 832 bytes, using 'standard' format.
[    0.000000] e820: BIOS-provided physical RAM map:
[    0.000000] BIOS-e820: [mem 0x0000000000000000-0x000000000009fbff] usable
[    0.000000] BIOS-e820: [mem 0x000000000009fc00-0x000000000009ffff] reserved
[    0.000000] BIOS-e820: [mem 0x00000000000f0000-0x00000000000fffff] reserved
[    0.000000] BIOS-e820: [mem 0x0000000000100000-0x000000003ffeffff] usable
[    0.000000] BIOS-e820: [mem 0x000000003fff0000-0x000000003fffffff] ACPI data
[    0.000000] BIOS-e820: [mem 0x00000000fec00000-0x00000000fec00fff] reserved
[    0.000000] BIOS-e820: [mem 0x00000000fee00000-0x00000000fee00fff] reserved
[    0.000000] BIOS-e820: [mem 0x00000000fffc0000-0x00000000ffffffff] reserved
[    0.000000] NX (Execute Disable) protection: active
[    0.000000] SMBIOS 2.5 present.
[    0.000000] Hypervisor detected: KVM
[    0.000000] e820: last_pfn = 0x3fff0 max_arch_pfn = 0x400000000
[    0.000000] MTRR: Disabled
[    0.000000] x86/PAT: MTRRs disabled, skipping PAT initialization too.
[    0.000000] CPU MTRRs all blank - virtualized system.
[    0.000000] x86/PAT: Configuration [0-7]: WB  WT  UC- UC  WB  WT  UC- UC  
[    0.000000] found SMP MP-table at [mem 0x0009fff0-0x0009ffff] mapped at [ffff88000009fff0]
[    0.000000] Scanning 1 areas for low memory corruption
[    0.000000] RAMDISK: [mem 0x362dc000-0x37165fff]
[    0.000000] ACPI: Early table checksum verification disabled
[    0.000000] ACPI: RSDP 0x00000000000E0000 000024 (v02 VBOX  )
[    0.000000] ACPI: XSDT 0x000000003FFF0030 00003C (v01 VBOX   VBOXXSDT 00000001 ASL  00000061)
[    0.000000] ACPI: FACP 0x000000003FFF00F0 0000F4 (v04 VBOX   VBOXFACP 00000001 ASL  00000061)
[    0.000000] ACPI: DSDT 0x000000003FFF0470 002325 (v02 VBOX   VBOXBIOS 00000002 INTL 20100528)
[    0.000000] ACPI: FACS 0x000000003FFF0200 000040
[    0.000000] ACPI: FACS 0x000000003FFF0200 000040
[    0.000000] ACPI: APIC 0x000000003FFF0240 00005C (v02 VBOX   VBOXAPIC 00000001 ASL  00000061)
[    0.000000] ACPI: SSDT 0x000000003FFF02A0 0001CC (v01 VBOX   VBOXCPUT 00000002 INTL 20100528)
[    0.000000] No NUMA configuration found
[    0.000000] Faking a node at [mem 0x0000000000000000-0x000000003ffeffff]
[    0.000000] NODE_DATA(0) allocated [mem 0x3ffeb000-0x3ffeffff]
[    0.000000] kvm-clock: Using msrs 4b564d01 and 4b564d00
[    0.000000] kvm-clock: cpu 0, msr 0:3ffe3001, primary cpu clock
[    0.000000] kvm-clock: using sched offset of 3220534921 cycles
[    0.000000] clocksource: kvm-clock: mask: 0xffffffffffffffff max_cycles: 0x1cd42e4dffb, max_idle_ns: 881590591483 ns
[    0.000000] Zone ranges:
[    0.000000]   DMA      [mem 0x0000000000001000-0x0000000000ffffff]
[    0.000000]   DMA32    [mem 0x0000000001000000-0x000000003ffeffff]
[    0.000000]   Normal   empty
[    0.000000]   Device   empty
[    0.000000] Movable zone start for each node
[    0.000000] Early memory node ranges
[    0.000000]   node   0: [mem 0x0000000000001000-0x000000000009efff]
[    0.000000]   node   0: [mem 0x0000000000100000-0x000000003ffeffff]
[    0.000000] Initmem setup node 0 [mem 0x0000000000001000-0x000000003ffeffff]
[    0.000000] ACPI: PM-Timer IO Port: 0x4008
[    0.000000] IOAPIC[0]: apic_id 2, version 32, address 0xfec00000, GSI 0-23
[    0.000000] ACPI: INT_SRC_OVR (bus 0 bus_irq 0 global_irq 2 dfl dfl)
[    0.000000] ACPI: INT_SRC_OVR (bus 0 bus_irq 9 global_irq 9 low level)
[    0.000000] Using ACPI (MADT) for SMP configuration information
[    0.000000] smpboot: Allowing 2 CPUs, 0 hotplug CPUs
[    0.000000] PM: Registered nosave memory: [mem 0x00000000-0x00000fff]
[    0.000000] PM: Registered nosave memory: [mem 0x0009f000-0x0009ffff]
[    0.000000] PM: Registered nosave memory: [mem 0x000a0000-0x000effff]
[    0.000000] PM: Registered nosave memory: [mem 0x000f0000-0x000fffff]
[    0.000000] e820: [mem 0x40000000-0xfebfffff] available for PCI devices
[    0.000000] Booting paravirtualized kernel on KVM
[    0.000000] clocksource: refined-jiffies: mask: 0xffffffff max_cycles: 0xffffffff, max_idle_ns: 7645519600211568 ns
[    0.000000] setup_percpu: NR_CPUS:512 nr_cpumask_bits:512 nr_cpu_ids:2 nr_node_ids:1
[    0.000000] PERCPU: Embedded 33 pages/cpu @ffff88003fc00000 s95192 r8192 d31784 u1048576
[    0.000000] Built 1 zonelists in Node order, mobility grouping on.  Total pages: 257912
[    0.000000] Policy zone: DMA32
[    0.000000] Kernel command line: BOOT_IMAGE=/boot/vmlinuz-4.4.0-210-generic root=LABEL=cloudimg-rootfs ro console=tty1 console=ttyS0
[    0.000000] PID hash table entries: 4096 (order: 3, 32768 bytes)
[    0.000000] Memory: 997792K/1048120K available (8644K kernel code, 1332K rwdata, 4044K rodata, 1492K init, 1164K bss, 50328K reserved, 0K cma-reserved)
[    0.000000] SLUB: HWalign=64, Order=0-3, MinObjects=0, CPUs=2, Nodes=1
[    0.000000] Kernel/User page tables isolation: enabled
[    0.000000] Hierarchical RCU implementation.
[    0.000000] 	Build-time adjustment of leaf fanout to 64.
[    0.000000] 	RCU restricting CPUs from NR_CPUS=512 to nr_cpu_ids=2.
[    0.000000] RCU: Adjusting geometry for rcu_fanout_leaf=64, nr_cpu_ids=2
[    0.000000] NR_IRQS:33024 nr_irqs:440 16
[    0.000000] Console: colour VGA+ 80x25
[    0.000000] console [tty1] enabled
[    0.000000] console [ttyS0] enabled
[    0.000000] tsc: Detected 3504.000 MHz processor
[    0.130516] Calibrating delay loop (skipped) preset value.. 7008.00 BogoMIPS (lpj=14016000)
[    0.132211] pid_max: default: 32768 minimum: 301
[    0.133079] ACPI: Core revision 20150930
[    0.135278] ACPI: 2 ACPI AML tables successfully acquired and loaded
[    0.136493] Security Framework initialized
[    0.137291] Yama: becoming mindful.
[    0.137996] AppArmor: AppArmor initialized
[    0.138933] Dentry cache hash table entries: 131072 (order: 8, 1048576 bytes)
[    0.140507] Inode-cache hash table entries: 65536 (order: 7, 524288 bytes)
[    0.141764] Mount-cache hash table entries: 2048 (order: 2, 16384 bytes)
[    0.143046] Mountpoint-cache hash table entries: 2048 (order: 2, 16384 bytes)
[    0.144327] Initializing cgroup subsys io
[    0.145121] Initializing cgroup subsys memory
[    0.145950] Initializing cgroup subsys devices
[    0.146845] Initializing cgroup subsys freezer
[    0.147682] Initializing cgroup subsys net_cls
[    0.148532] Initializing cgroup subsys perf_event
[    0.149408] Initializing cgroup subsys net_prio
[    0.150256] Initializing cgroup subsys hugetlb
[    0.151157] Initializing cgroup subsys pids
[    0.153140] mce: CPU supports 0 MCE banks
[    0.154017] Last level iTLB entries: 4KB 64, 2MB 8, 4MB 8
[    0.154996] Last level dTLB entries: 4KB 64, 2MB 0, 4MB 0, 1GB 4
[    0.156052] Spectre V1 : Mitigation: usercopy/swapgs barriers and __user pointer sanitization
[    0.157711] Spectre V2 : Mitigation: Full generic retpoline
[    0.158731] Spectre V2 : Spectre v2 / SpectreRSB mitigation: Filling RSB on context switch
[    0.160295] Speculative Store Bypass: Vulnerable
[    0.161211] MDS: Mitigation: Clear CPU buffers
[    0.164432] Freeing SMP alternatives memory: 36K
[    0.170908] ftrace: allocating 32380 entries in 127 pages
[    0.223183] smpboot: APIC(0) Converting physical 0 to logical package 0
[    0.224422] smpboot: Max logical packages: 1
[    0.225485] x2apic enabled
[    0.226333] Switched APIC routing to physical x2apic.
[    0.228379] ..TIMER: vector=0x30 apic1=0 pin1=2 apic2=-1 pin2=-1
[    0.337653] smpboot: CPU0: Intel(R) Core(TM) i9-9900X CPU @ 3.50GHz (family: 0x6, model: 0x55, stepping: 0x4)
[    0.339759] Performance Events: unsupported p6 CPU model 85 no PMU driver, software events only.
[    0.348682] KVM setup paravirtual spinlock
[    0.350328] x86: Booting SMP configuration:
[    0.351165] .... node  #0, CPUs:      #1
[    0.351982] kvm-clock: cpu 1, msr 0:3ffe3041, secondary cpu clock
[    0.353997] mce: CPU supports 0 MCE banks
[    0.356476] x86: Booted up 1 node, 2 CPUs
[    0.357483] smpboot: Total of 2 processors activated (14016.00 BogoMIPS)
[    0.358984] devtmpfs: initialized
[    0.360963] evm: security.selinux
[    0.361675] evm: security.SMACK64
[    0.362378] evm: security.SMACK64EXEC
[    0.363106] evm: security.SMACK64TRANSMUTE
[    0.363891] evm: security.SMACK64MMAP
[    0.364626] evm: security.ima
[    0.365285] evm: security.capability
[    0.366180] clocksource: jiffies: mask: 0xffffffff max_cycles: 0xffffffff, max_idle_ns: 7645041785100000 ns
[    0.368142] futex hash table entries: 512 (order: 3, 32768 bytes)
[    0.369341] pinctrl core: initialized pinctrl subsystem
[    0.370497] RTC time: 10:05:13, date: 11/30/21
[    0.371451] NET: Registered protocol family 16
[    0.381672] cpuidle: using governor ladder
[    0.393642] cpuidle: using governor menu
[    0.395184] PCCT header not found.
[    0.395968] ACPI: bus type PCI registered
[    0.396743] acpiphp: ACPI Hot Plug PCI Controller Driver version: 0.5
[    0.397961] PCI: Using configuration type 1 for base access
[    0.409772] ACPI: Added _OSI(Module Device)
[    0.410621] ACPI: Added _OSI(Processor Device)
[    0.411475] ACPI: Added _OSI(3.0 _SCP Extensions)
[    0.412342] ACPI: Added _OSI(Processor Aggregator Device)
[    0.413887] ACPI: Executed 1 blocks of module-level executable AML code
[    0.416997] ACPI: Interpreter enabled
[    0.417769] ACPI: (supports S0 S5)
[    0.418469] ACPI: Using IOAPIC for interrupt routing
[    0.419504] PCI: Using host bridge windows from ACPI; if necessary, use "pci=nocrs" and report a bug
[    0.424089] ACPI: PCI Root Bridge [PCI0] (domain 0000 [bus 00-ff])
[    0.425338] acpi PNP0A03:00: _OSC: OS supports [ASPM ClockPM Segments MSI]
[    0.426785] acpi PNP0A03:00: _OSC: not requesting OS control; OS requires [ExtendedConfig ASPM ClockPM MSI]
[    0.428560] acpi PNP0A03:00: fail to add MMCONFIG information, can't access extended PCI configuration space under this bridge.
[    0.430852] PCI host bridge to bus 0000:00
[    0.431648] pci_bus 0000:00: root bus resource [io  0x0000-0x0cf7 window]
[    0.432895] pci_bus 0000:00: root bus resource [io  0x0d00-0xffff window]
[    0.434057] pci_bus 0000:00: root bus resource [mem 0x000a0000-0x000bffff window]
[    0.435511] pci_bus 0000:00: root bus resource [mem 0x40000000-0xfdffffff window]
[    0.437023] pci_bus 0000:00: root bus resource [bus 00-ff]
[    0.439509] pci 0000:00:01.1: legacy IDE quirk: reg 0x10: [io  0x01f0-0x01f7]
[    0.440738] pci 0000:00:01.1: legacy IDE quirk: reg 0x14: [io  0x03f6]
[    0.441860] pci 0000:00:01.1: legacy IDE quirk: reg 0x18: [io  0x0170-0x0177]
[    0.443049] pci 0000:00:01.1: legacy IDE quirk: reg 0x1c: [io  0x0376]
[    0.462804] pci 0000:00:07.0: quirk: [io  0x4000-0x403f] claimed by PIIX4 ACPI
[    0.464289] pci 0000:00:07.0: quirk: [io  0x4100-0x410f] claimed by PIIX4 SMB
[    0.470784] ACPI: PCI Interrupt Link [LNKA] (IRQs 5 9 10 *11)
[    0.472324] ACPI: PCI Interrupt Link [LNKB] (IRQs 5 9 *10 11)
[    0.473753] ACPI: PCI Interrupt Link [LNKC] (IRQs 5 *9 10 11)
[    0.475168] ACPI: PCI Interrupt Link [LNKD] (IRQs 5 9 10 *11)
[    0.476659] ACPI: Enabled 2 GPEs in block 00 to 07
[    0.477807] vgaarb: setting as boot device: PCI:0000:00:02.0
[    0.478830] vgaarb: device added: PCI:0000:00:02.0,decodes=io+mem,owns=io+mem,locks=none
[    0.480453] vgaarb: loaded
[    0.481087] vgaarb: bridge control possible 0000:00:02.0
[    0.482243] SCSI subsystem initialized
[    0.483117] ACPI: bus type USB registered
[    0.483935] usbcore: registered new interface driver usbfs
[    0.484989] usbcore: registered new interface driver hub
[    0.485999] usbcore: registered new device driver usb
[    0.487353] PCI: Using ACPI for IRQ routing
[    0.488419] NetLabel: Initializing
[    0.489141] NetLabel:  domain hash size = 128
[    0.490028] NetLabel:  protocols = UNLABELED CIPSOv4
[    0.490964] NetLabel:  unlabeled traffic allowed by default
[    0.492159] amd_nb: Cannot enumerate AMD northbridges
[    0.493127] clocksource: Switched to clocksource kvm-clock
[    0.499105] AppArmor: AppArmor Filesystem Enabled
[    0.500172] pnp: PnP ACPI init
[    0.501508] pnp: PnP ACPI: found 3 devices
[    0.509699] clocksource: acpi_pm: mask: 0xffffff max_cycles: 0xffffff, max_idle_ns: 2085701024 ns
[    0.511431] NET: Registered protocol family 2
[    0.512428] TCP established hash table entries: 8192 (order: 4, 65536 bytes)
[    0.513721] TCP bind hash table entries: 8192 (order: 5, 131072 bytes)
[    0.514892] TCP: Hash tables configured (established 8192 bind 8192)
[    0.516025] UDP hash table entries: 512 (order: 2, 16384 bytes)
[    0.517096] UDP-Lite hash table entries: 512 (order: 2, 16384 bytes)
[    0.518236] NET: Registered protocol family 1
[    0.519072] pci 0000:00:00.0: Limiting direct PCI/PCI transfers
[    0.520142] pci 0000:00:01.0: Activating ISA DMA hang workarounds
[    0.521322] Unpacking initramfs...
[    0.661973] Freeing initrd memory: 14888K
[    0.662905] clocksource: tsc: mask: 0xffffffffffffffff max_cycles: 0x3282142a9b0, max_idle_ns: 440795384778 ns
[    0.664802] platform rtc_cmos: registered platform RTC device (no PNP device found)
[    0.666376] Scanning for low memory corruption every 60 seconds
[    0.667715] audit: initializing netlink subsys (disabled)
[    0.668712] audit: type=2000 audit(1638266718.927:1): initialized
[    0.670053] Initialise system trusted keyring
[    0.671007] HugeTLB registered 2 MB page size, pre-allocated 0 pages
[    0.673191] zbud: loaded
[    0.674026] VFS: Disk quotas dquot_6.6.0
[    0.674842] VFS: Dquot-cache hash table entries: 512 (order 0, 4096 bytes)
[    0.676170] squashfs: version 4.0 (2009/01/31) Phillip Lougher
[    0.677453] fuse init (API version 7.23)
[    0.678328] Key type big_key registered
[    0.679107] Allocating IMA MOK and blacklist keyrings.
[    0.680628] Key type asymmetric registered
[    0.681451] Asymmetric key parser 'x509' registered
[    0.682399] Block layer SCSI generic (bsg) driver version 0.4 loaded (major 249)
[    0.683998] io scheduler noop registered
[    0.684812] io scheduler deadline registered (default)
[    0.685840] io scheduler cfq registered
[    0.686704] pci_hotplug: PCI Hot Plug PCI Core version: 0.5
[    0.687693] pciehp: PCI Express Hot Plug Controller Driver version: 0.4
[    0.688995] ACPI: AC Adapter [AC] (on-line)
[    0.690057] input: Power Button as /devices/LNXSYSTM:00/LNXPWRBN:00/input/input0
[    0.691529] ACPI: Power Button [PWRF]
[    0.692373] input: Sleep Button as /devices/LNXSYSTM:00/LNXSLPBN:00/input/input1
[    0.694005] ACPI: Sleep Button [SLPF]
[    0.694968] GHES: HEST is not enabled!
[    0.695890] Serial: 8250/16550 driver, 32 ports, IRQ sharing enabled
[    0.717440] 00:02: ttyS0 at I/O 0x3f8 (irq = 4, base_baud = 115200) is a 16550A
[    0.720002] Linux agpgart interface v0.103
[    0.722164] loop: module loaded
[    0.723348] scsi host0: ata_piix
[    0.724099] scsi host1: ata_piix
[    0.724874] ata1: PATA max UDMA/33 cmd 0x1f0 ctl 0x3f6 bmdma 0xd000 irq 14
[    0.726170] ata2: PATA max UDMA/33 cmd 0x170 ctl 0x376 bmdma 0xd008 irq 15
[    0.727440] libphy: Fixed MDIO Bus: probed
[    0.728254] tun: Universal TUN/TAP device driver, 1.6
[    0.729190] tun: (C) 1999-2004 Max Krasnyansky <maxk@qualcomm.com>
[    0.730479] PPP generic driver version 2.4.2
[    0.731459] ehci_hcd: USB 2.0 'Enhanced' Host Controller (EHCI) Driver
[    0.732585] ehci-pci: EHCI PCI platform driver
[    0.733401] ehci-platform: EHCI generic platform driver
[    0.734348] ohci_hcd: USB 1.1 'Open' Host Controller (OHCI) Driver
[    0.735509] ohci-pci: OHCI PCI platform driver
[    0.736345] ohci-platform: OHCI generic platform driver
[    0.737299] uhci_hcd: USB Universal Host Controller Interface driver
[    0.738417] i8042: PNP: PS/2 Controller [PNP0303:PS2K,PNP0f03:PS2M] at 0x60,0x64 irq 1,12
[    0.740487] serio: i8042 KBD port at 0x60,0x64 irq 1
[    0.741458] serio: i8042 AUX port at 0x60,0x64 irq 12
[    0.742486] mousedev: PS/2 mouse device common for all mice
[    0.743906] input: AT Translated Set 2 keyboard as /devices/platform/i8042/serio0/input/input2
[    0.745695] rtc_cmos rtc_cmos: rtc core: registered rtc_cmos as rtc0
[    0.746898] rtc_cmos rtc_cmos: alarms up to one day, 114 bytes nvram
[    0.748044] i2c /dev entries driver
[    0.748803] device-mapper: uevent: version 1.0.3
[    0.749801] device-mapper: ioctl: 4.34.0-ioctl (2015-10-28) initialised: dm-devel@redhat.com
[    0.751488] ledtrig-cpu: registered to indicate activity on CPUs
[    0.752875] NET: Registered protocol family 10
[    0.753888] NET: Registered protocol family 17
[    0.754743] Key type dns_resolver registered
[    0.755834] registered taskstats version 1
[    0.756664] Loading compiled-in X.509 certificates
[    0.757947] Loaded X.509 cert 'Build time autogenerated kernel key: cf00e047681d67edb2720680708b7d9498083038'
[    0.759724] zswap: loaded using pool lzo/zbud
[    0.761913] Key type trusted registered
[    0.764812] Key type encrypted registered
[    0.765653] AppArmor: AppArmor sha1 policy hashing enabled
[    0.766653] ima: No TPM chip found, activating TPM-bypass!
[    0.767647] ima: Allocated hash algorithm: sha1
[    0.768497] evm: HMAC attrs: 0x1
[    0.769437]   Magic number: 13:857:73
[    0.770216] acpi PNP8390:00: hash matches
[    0.771144] rtc_cmos rtc_cmos: setting system clock to 2021-11-30 10:05:14 UTC (1638266714)
[    0.772786] BIOS EDD facility v0.16 2004-Jun-25, 0 devices found
[    0.773867] EDD information not available.
[    1.040563] Freeing unused kernel memory: 1492K
[    1.041499] Write protecting the kernel read-only data: 14336k
[    1.042821] Freeing unused kernel memory: 1584K
[    1.043766] Freeing unused kernel memory: 52K
Loading, please wait...
starting version 229
[    1.054140] random: systemd-udevd: uninitialized urandom read (16 bytes read, 3 bits of entropy available)
[    1.056091] random: systemd-udevd: uninitialized urandom read (16 bytes read, 3 bits of entropy available)
[    1.057939] random: systemd-udevd: uninitialized urandom read (16 bytes read, 3 bits of entropy available)
[    1.059815] random: systemd-udevd: uninitialized urandom read (16 bytes read, 3 bits of entropy available)
[    1.062621] random: udevadm: uninitialized urandom read (16 bytes read, 3 bits of entropy available)
[    1.064333] random: udevadm: uninitialized urandom read (16 bytes read, 3 bits of entropy available)
[    1.070676] random: systemd-udevd: uninitialized urandom read (16 bytes read, 3 bits of entropy available)
[    1.072487] random: systemd-udevd: uninitialized urandom read (16 bytes read, 3 bits of entropy available)
[    1.072815] random: udevadm: uninitialized urandom read (16 bytes read, 3 bits of entropy available)
[    1.072846] random: udevadm: uninitialized urandom read (16 bytes read, 3 bits of entropy available)
[    1.111140] e1000: Intel(R) PRO/1000 Network Driver - version 7.3.21-k8-NAPI
[    1.112502] e1000: Copyright (c) 1999-2006 Intel Corporation.
[    1.117850] Fusion MPT base driver 3.04.20
[    1.118677] Copyright (c) 1999-2008 LSI Corporation
[    1.124467] Fusion MPT SPI Host driver 3.04.20
[    1.131311] AVX2 version of gcm_enc/dec engaged.
[    1.132423] AES CTR mode by8 optimization enabled
[    1.341732] input: ImExPS/2 Generic Explorer Mouse as /devices/platform/i8042/serio1/input/input4
[    1.681409] e1000 0000:00:03.0 eth0: (PCI:33MHz:32-bit) 02:be:82:6b:cc:1d
[    1.682756] e1000 0000:00:03.0 eth0: Intel(R) PRO/1000 Network Connection
[    1.684572] mptbase: ioc0: Initiating bringup
[    2.770599] ioc0: LSI53C1030 A0: Capabilities={Initiator}
[    5.725649] scsi host2: ioc0: LSI53C1030 A0, FwRev=00000000h, Ports=1, MaxQ=256, IRQ=20
[    7.781174] scsi 2:0:0:0: Direct-Access     VBOX     HARDDISK         1.0  PQ: 0 ANSI: 5
[    7.782725] scsi target2:0:0: Beginning Domain Validation
[    7.784992] scsi target2:0:0: Domain Validation skipping write tests
[    7.786127] scsi target2:0:0: Ending Domain Validation
[    7.787384] scsi target2:0:0: asynchronous
[    7.788570] scsi 2:0:1:0: Direct-Access     VBOX     HARDDISK         1.0  PQ: 0 ANSI: 5
[    7.790139] scsi target2:0:1: Beginning Domain Validation
[    7.791641] scsi target2:0:1: Domain Validation skipping write tests
[    7.792769] scsi target2:0:1: Ending Domain Validation
[    7.793791] scsi target2:0:1: asynchronous
[    7.797980] sd 2:0:0:0: [sda] 83886080 512-byte logical blocks: (42.9 GB/40.0 GiB)
[    7.798140] sd 2:0:0:0: Attached scsi generic sg0 type 0
[    7.810138] sd 2:0:1:0: Attached scsi generic sg1 type 0
[    7.810178] sd 2:0:1:0: [sdb] 20480 512-byte logical blocks: (10.5 MB/10.0 MiB)
[    7.810361] sd 2:0:1:0: [sdb] Write Protect is off
[    7.810434] sd 2:0:1:0: [sdb] Incomplete mode parameter data
[    7.810435] sd 2:0:1:0: [sdb] Assuming drive cache: write through
[    7.812262] sd 2:0:1:0: [sdb] Attached SCSI disk
[    7.817813] sd 2:0:0:0: [sda] Write Protect is off
[    7.818886] sd 2:0:0:0: [sda] Incomplete mode parameter data
[    7.819969] sd 2:0:0:0: [sda] Assuming drive cache: write through
[    7.822837]  sda: sda1
[    7.825679] sd 2:0:0:0: [sda] Attached SCSI disk
[    8.146385] e1000 0000:00:08.0 eth1: (PCI:33MHz:32-bit) 08:00:27:0b:47:3e
[    8.147948] e1000 0000:00:08.0 eth1: Intel(R) PRO/1000 Network Connection
[    8.150283] e1000 0000:00:03.0 enp0s3: renamed from eth0
[    8.165846] e1000 0000:00:08.0 enp0s8: renamed from eth1
Begin: Loading essential drivers ... [    9.517352] md: linear personality registered for level -1
[    9.519915] md: multipath personality registered for level -4
[    9.522401] md: raid0 personality registered for level 0
[    9.525640] md: raid1 personality registered for level 1
[    9.593181] raid6: sse2x1   gen() 15140 MB/s
[    9.661160] raid6: sse2x1   xor() 11527 MB/s
[    9.729179] raid6: sse2x2   gen() 18808 MB/s
[    9.797180] raid6: sse2x2   xor() 12532 MB/s
[    9.865173] raid6: sse2x4   gen() 19290 MB/s
[    9.933197] raid6: sse2x4   xor() 12858 MB/s
[   10.001185] raid6: avx2x1   gen() 27833 MB/s
[   10.069149] raid6: avx2x2   gen() 32933 MB/s
[   10.137143] raid6: avx2x4   gen() 37722 MB/s
[   10.138045] raid6: using algorithm avx2x4 gen() 37722 MB/s
[   10.139022] raid6: using avx2x2 recovery algorithm
[   10.140955] xor: automatically using best checksumming function:
[   10.181180]    avx       : 30718.000 MB/sec
[   10.182966] async_tx: api initialized (async)
[   10.189647] md: raid6 personality registered for level 6
[   10.190689] md: raid5 personality registered for level 5
[   10.191637] md: raid4 personality registered for level 4
[   10.196932] md: raid10 personality registered for level 10
done.
Begin: Running /scripts/init-premount ... done.
Begin: Mounting root file system ... Begin: Running /scripts/local-top ... done.
Begin: Running /scripts/local-premount ... [   10.220477] Btrfs loaded
Scanning for Btrfs filesystems
done.
Warning: fsck not present, so skipping root file system
[   10.241818] EXT4-fs (sda1): mounted filesystem with ordered data mode. Opts: (null)
done.
Begin: Running /scripts/local-bottom ... done.
Begin: Running /scripts/init-bottom ... done.
[   10.307065] systemd[1]: systemd 229 running in system mode. (+PAM +AUDIT +SELINUX +IMA +APPARMOR +SMACK +SYSVINIT +UTMP +LIBCRYPTSETUP +GCRYPT +GNUTLS +ACL +XZ -LZ4 +SECCOMP +BLKID +ELFUTILS +KMOD -IDN)
[   10.310342] systemd[1]: Detected virtualization oracle.
[   10.311399] systemd[1]: Detected architecture x86-64.

Welcome to [1mUbuntu 16.04.7 LTS[0m!

[   10.314614] systemd[1]: Set hostname to <ubuntu>.
[   10.317045] systemd[1]: Initializing machine ID from random generator.
[   10.318331] systemd[1]: Installed transient /etc/machine-id file.
[   10.412996] systemd[1]: Reached target System Time Synchronized.
[[0;32m  OK  [0m] Reached target System Time Synchronized.
[   10.414849] systemd[1]: Listening on /dev/initctl Compatibility Named Pipe.
[[0;32m  OK  [0m] Listening on /dev/initctl Compatibility Named Pipe.
[   10.416827] systemd[1]: Listening on udev Kernel Socket.
[[0;32m  OK  [0m] Listening on udev Kernel Socket.
[   10.425452] systemd[1]: Listening on Syslog Socket.
[[0;32m  OK  [0m] Listening on Syslog Socket.
[   10.433761] systemd[1]: Listening on Journal Socket (/dev/log).
[[0;32m  OK  [0m] Listening on Journal Socket (/dev/log).
[   10.435550] systemd[1]: Listening on fsck to fsckd communication Socket.
[[0;32m  OK  [0m] Listening on fsck to fsckd communication Socket.
[   10.437499] systemd[1]: Listening on Device-mapper event daemon FIFOs.
[[0;32m  OK  [0m] Listening on Device-mapper event daemon FIFOs.
[   10.439440] systemd[1]: Set up automount Arbitrary Executable File Formats File System Automount Point.
[[0;32m  OK  [0m] Set up automount Arbitrary Executab...ats File System Automount Point.
[   10.442160] systemd[1]: Reached target Swap.
[[0;32m  OK  [0m] Reached target Swap.
[   10.443570] systemd[1]: Started Trigger resolvconf update for networkd DNS.
[[0;32m  OK  [0m] Started Trigger resolvconf update for networkd DNS.
[   10.445606] systemd[1]: Listening on Journal Socket.
[[0;32m  OK  [0m] Listening on Journal Socket.
[   10.453898] systemd[1]: Created slice User and Session Slice.
[[0;32m  OK  [0m] Created slice User and Session Slice.
[   10.455599] systemd[1]: Started Forward Password Requests to Wall Directory Watch.
[[0;32m  OK  [0m] Started Forward Password Requests to Wall Directory Watch.
[   10.457975] systemd[1]: Listening on LVM2 poll daemon socket.
[[0;32m  OK  [0m] Listening on LVM2 poll daemon socket.
[   10.459674] systemd[1]: Listening on udev Control Socket.
[[0;32m  OK  [0m] Listening on udev Control Socket.
[   10.469889] systemd[1]: Created slice System Slice.
[[0;32m  OK  [0m] Created slice System Slice.
[   10.481468] systemd[1]: Mounting POSIX Message Queue File System...
         Mounting POSIX Message Queue File System...
[   10.483311] systemd[1]: Reached target Slices.
[[0;32m  OK  [0m] Reached target Slices.
[   10.485297] systemd[1]: Starting Set console keymap...
         Starting Set console keymap...
[   10.487816] systemd[1]: Starting Create list of required static device nodes for the current kernel...
         Starting Create list of required st... nodes for the current kernel...
[   10.497611] systemd[1]: Created slice system-serial\x2dgetty.slice.
[[0;32m  OK  [0m] Created slice system-serial\x2dgetty.slice.
[   10.500120] systemd[1]: Starting Uncomplicated firewall...
         Starting Uncomplicated firewall...
[   10.502796] systemd[1]: Mounting Huge Pages File System...
         Mounting Huge Pages File System...
[   10.505890] systemd[1]: Starting Load Kernel Modules...
         Starting Load Kernel Modules...
[   10.507806] systemd[1]: Listening on Journal Audit Socket.
[[0;32m  OK  [0m] Listening on Journal Audit Socket.
[   10.510268] systemd[1]: Starting Journal Service...
         Starting Journal Service...
[   10.512313] systemd[1]: Listening on LVM2 metadata daemon socket.
[[0;32m  OK  [0m] Listening on LVM2 metadata daemon socket.
[   10.514614] systemd[1]: Starting Monitoring of LVM2 mirrors, snapshots etc. using dmeventd or progress polling...
[   10.516588] Loading iSCSI transport class v2.0-870.
         Starting Monitoring of LVM2 mirrors... dmeventd or progress polling...
[   10.518024] systemd[1]: Reached target Encrypted Volumes.
[[0;32m  OK  [0m] Reached target Encrypted Volumes.
[   10.519789] systemd[1]: Reached target User and Group Name Lookups.
[[0;32m  OK  [0m] Reached target User and Group Name Lookups.
[   10.522714] systemd[1]: Mounting Debug File System...
         Mounting Debug File System...
[   10.525203] systemd[1]: Starting File System Check on Root Device...
         Starting File System Check on Root Device...
[   10.528067] systemd[1]: Starting Nameserver information manager...
         Starting Nameserver information manager...
[   10.531253] systemd[1]: Mounted Huge Pages File System.
[[0;32m  OK  [0m] Mounted Huge Pages File System.
[   10.532713] systemd[1]: Mounted POSIX Message Queue File System.
[[0;32m  OK  [0[   10.534089] iscsi: registered transport (tcp)
m] Mounted POSIX Message Queue File System.
[   10.535274] systemd[1]: Mounted Debug File System.
[[0;32m  OK  [0m] Mounted Debug File System.
[   10.537651] systemd[1]: Started Create list of required static device nodes for the current kernel.
[[0;32m  OK  [0m] Started Create list of required sta...ce nodes for the current kernel.
[   10.541787] systemd[1]: Started Uncomplicated firewall.
[[0;32m  OK  [0m] Started Uncomplicated firewall.
[   10.546186] systemd[1]: Started File System Check Daemon to report status.
[[0;32m  OK  [0m] Started File System Check Daemon to report status.
[   10.549890] systemd[1]: Starting Create Static Device Nodes in /dev...
         Starting Create Static Device Nodes in /dev...
[   10.551741] systemd[1]: Started Journal Service.
[[0;32m  OK  [0m] Started Journal Service.
[[0;32m  OK  [0m] Started Nameserver information manager.
[[0;32m  OK  [0m] Started LVM2 metadata daemon.
[[0;32m  OK  [0m] Started File System Check on Root Device.
         Starting Remount Root and Kernel File Systems...
[   10.571600] EXT4-fs (sda1): re-mounted. Opts: (null)
[[0;32m  OK  [0m] Started Remount Root and Kernel File Systems.
         Starting udev Coldplug all Devices...
         Starting Flush Journal to Persistent Storage...
         Starting Load/Save Random Seed...
[[0;32m  OK  [0m] Started Create Static Device Nodes in /dev.
         Starting udev Kernel Device Manager...
[[0;32m  OK  [0m] Started Load/Save Random Seed.
[   10.590208] systemd-journald[391]: Received request to flush runtime journal from PID 1
[[0;32m  OK  [0m] Started Flush Journal to Persistent Storage.
[[0;32m  OK  [0m] Started udev Kernel Device Manager.
[   10.605910] iscsi: registered transport (iser)
[[0;32m  OK  [0m] Started Load Kernel Modules.
         Mounting FUSE Control File System...
         Starting Apply Kernel Variables...
[[0;32m  OK  [0m] Mounted FUSE Control File System.
[[0;32m  OK  [0m] Started Set console keymap.
[[0;32m  OK  [0m] Started Apply Kernel Variables.
[[0;32m  OK  [0m] Started udev Coldplug all Devices.
[[0;32m  OK  [0m] Started Dispatch Password Requests to Console Directory Watch.
[[0;32m  OK  [0m] Started Monitoring of LVM2 mirrors,...ng dmeventd or progress polling.
[[0;32m  OK  [0m] Reached target Local File Systems (Pre).
[[0;32m  OK  [0m] Reached target Local File Systems.
         Starting Create Volatile Files and Directories...
         Starting Set console font and keymap...
         Starting Commit a transient machine-id on disk...
         Starting Initial cloud-init job (pre-networking)...
         Starting Tell Plymouth To Write Out Runtime Data...
         Starting LSB: AppArmor initialization...
[[0;32m  OK  [0m] Started Create Volatile Files and Directories.
[[0;32m  OK  [0m] Started Tell Plymouth To Write Out Runtime Data.
         Starting Update UTMP about System Boot/Shutdown...
[[0;32m  OK  [0m] Started Commit a transient machine-id on disk.
[[0;32m  OK  [0m] Started Update UTMP about System Boot/Shutdown.
[[0;32m  OK  [0m] Found device /dev/ttyS0.
[[0;32m  OK  [0m] Listening on Load/Save RF Kill Switch Status /dev/rfkill Watch.
[   11.556117] cloud-init[506]: Cloud-init v. 21.1-19-gbad84ad4-0ubuntu1~16.04.2 running 'init-local' at Tue, 30 Nov 2021 10:05:25 +0000. Up 11.17 seconds.
[[0;32m  OK  [0m] Started Initial cloud-init job (pre-networking).
[[0;32m  OK  [0m] Reached target Network (Pre).
[[0;32m  OK  [0m] Started Set console font and keymap.
[[0;32m  OK  [0m] Created slice system-getty.slice.
[[0;32m  OK  [0m] Started LSB: AppArmor initialization.
         Starting Load AppArmor profiles managed internally by snapd...
         Starting Raise network interfaces...
[[0;32m  OK  [0m] Started Load AppArmor profiles managed internally by snapd.
[[0;32m  OK  [0m] Started Raise network interfaces.
[[0;32m  OK  [0m] Reached target Network.
         Starting Initial cloud-init job (metadata service crawler)...
[   13.113224] cloud-init[964]: Cloud-init v. 21.1-19-gbad84ad4-0ubuntu1~16.04.2 running 'init' at Tue, 30 Nov 2021 10:05:26 +0000. Up 12.70 seconds.
[   13.114695] cloud-init[964]: ci-info: ++++++++++++++++++++++++++++++++++++++Net device info+++++++++++++++++++++++++++++++++++++++
[   13.120237] cloud-init[964]: ci-info: +--------+-------+----------------------------+---------------+--------+-------------------+
[   13.121458] cloud-init[964]: ci-info: | Device |   Up  |          Address           |      Mask     | Scope  |     Hw-Address    |
[   13.122830] cloud-init[964]: ci-info: +--------+-------+----------------------------+---------------+--------+-------------------+
[   13.124088] cloud-init[964]: ci-info: | enp0s3 |  True |         10.0.2.15          | 255.255.255.0 | global | 02:be:82:6b:cc:1d |
[   13.125477] cloud-init[964]: ci-info: | enp0s3 |  True | fe80::be:82ff:fe6b:cc1d/64 |       .       |  link  | 02:be:82:6b:cc:1d |
[   13.126705] cloud-init[964]: ci-info: | enp0s8 | False |             .              |       .       |   .    | 08:00:27:0b:47:3e |
[   13.127945] cloud-init[964]: ci-info: |   lo   |  True |         127.0.0.1          |   255.0.0.0   |  host  |         .         |
[   13.129249] cloud-init[964]: ci-info: |   lo   |  True |          ::1/128           |       .       |  host  |         .         |
[   13.130452] cloud-init[964]: ci-info: +--------+-------+----------------------------+---------------+--------+-------------------+
[   13.136290] cloud-init[964]: ci-info: +++++++++++++++++++++++++++Route IPv4 info++++++++++++++++++++++++++++
[   13.137276] cloud-init[964]: ci-info: +-------+-------------+----------+---------------+-----------+-------+
[   13.144311] cloud-init[964]: ci-info: | Route | Destination | Gateway  |    Genmask    | Interface | Flags |
[   13.145399] cloud-init[964]: ci-info: +-------+-------------+----------+---------------+-----------+-------+
[   13.152235] cloud-init[964]: ci-info: |   0   |   0.0.0.0   | 10.0.2.2 |    0.0.0.0    |   enp0s3  |   UG  |
[   13.160301] cloud-init[964]: ci-info: |   1   |   10.0.2.0  | 0.0.0.0  | 255.255.255.0 |   enp0s3  |   U   |
[   13.168263] cloud-init[964]: ci-info: +-------+-------------+----------+---------------+-----------+-------+
[   13.169369] cloud-init[964]: ci-info: +++++++++++++++++++Route IPv6 info+++++++++++++++++++
[   13.170392] cloud-init[964]: ci-info: +-------+-------------+---------+-----------+-------+
[   13.171553] cloud-init[964]: ci-info: | Route | Destination | Gateway | Interface | Flags |
[   13.172538] cloud-init[964]: ci-info: +-------+-------------+---------+-----------+-------+
[   13.180619] cloud-init[964]: ci-info: |   0   |  fe80::/64  |    ::   |   enp0s3  |   U   |
[[0;32m  OK  [0m] Started Initial cloud-init job (metadata service crawler).
[   13.180796] cloud-init[964]: ci-info: |   3   |   ff00::/8  |    ::   |   enp0s3  |   U   |
[   13.181029] cloud-init[964]: ci-info: +-------+-------------+---------+-----------+-------+
[   13.181404] cloud-init[964]: Generating public/private rsa key pair.
[   13.181588] cloud-init[964]: Your identification has been saved in /etc/ssh/ssh_host_rsa_key.
[   13.181796] cloud-init[964]: Your public key has been saved in /etc/ssh/ssh_host_rsa_key.pub.
[   13.182014] cloud-init[964]: The key fingerprint is:
[   13.182203] cloud-init[964]: SHA256:fQWsVoKL9IpkhIBhnC1oGQ6qiZEdzB9ZYmo0FyTgIPc root@ubuntu-xenial
[   13.182429] cloud-init[964]: The key's randomart image is:
[   13.182626] cloud-init[964]: +---[RSA 2048]----+
[   13.182858] cloud-init[964]: |@O@o*+.  . ..    |
[   13.183024] cloud-init[964]: |@@+X+.. . . o.   |
[   13.183230] cloud-init[964]: |=o=oEo o . +  .  |
[   13.183439] cloud-init[964]: |o+  + . o.o  .   |
[   13.183640] cloud-init[964]: |+  o . .S.. .    |
[   13.183861] cloud-init[964]: |    . .    .     |
[   13.184051] cloud-init[964]: |                 |
[   13.184203] cloud-init[964]: |                 |
[   13.184375] cloud-init[964]: |                 |
[   13.184555] cloud-init[964]: +----[SHA256]-----+
[   13.184756] cloud-init[964]: Generating public/private dsa key pair.
[   13.184970] cloud-init[964]: Your identification has been saved in /etc/ssh/ssh_host_dsa_key.
[   13.185174] cloud-init[964]: Your public key has been saved in /etc/ssh/ssh_host_dsa_key.pub.
[   13.185485] cloud-init[964]: The key fingerprint is:
[   13.185693] cloud-init[964]: SHA256:RIVNDBOuODVRB96PKM6QpkekrDUExSY7xajl5R0+V0Q root@ubuntu-xenial
[   13.185813] cloud-init[964]: The key's randomart image is:
[   13.186024] cloud-init[964]: +---[DSA 1024]----+
[   13.186230] cloud-init[964]: |.=.   ..B%E      |
[   13.186452] cloud-init[964]: |o.* . .=.++      |
[   13.186649] cloud-init[964]: |.B.o.oo.+..      |
[   13.186963] cloud-init[964]: |+o.o.+++.. o     |
[   13.187165] cloud-init[964]: | .= B ooS . .    |
[   13.187376] cloud-init[964]: | o = = .         |
[   13.187578] cloud-init[964]: |. . . o          |
[   13.187792] cloud-init[964]: |   .             |
[   13.187991] cloud-init[964]: |                 |
[   13.188325] cloud-init[964]: +----[SHA256]-----+
[   13.188505] cloud-init[964]: Generating public/private ecdsa key pair.
[   13.188712] cloud-init[964]: Your identification has been saved in /etc/ssh/ssh_host_ecdsa_key.
[   13.188953] cloud-init[964]: Your public key has been saved in /etc/ssh/ssh_host_ecdsa_key.pub.
[   13.189179] cloud-init[964]: The key fingerprint is:
[   13.189393] cloud-init[964]: SHA256:Fn87UeR9q7oIxaxSfnjMLvTZqUlpenXt4veVVRniq6c root@ubuntu-xenial
[   13.189596] cloud-init[964]: The key's randomart image is:
[   13.189811] cloud-init[964]: +---[ECDSA 256]---+
[   13.190015] cloud-init[964]: |             ... |
[   13.190218] cloud-init[964]: |            .o..o|
[   13.190439] cloud-init[964]: |        .    .o.+|
[   13.190643] cloud-init[964]: |        oo   .. +|
[   13.190864] cloud-init[964]: |       .S+. o....|
[   13.191062] cloud-init[964]: |      oo* .o.+..o|
[   13.191293] cloud-init[964]: |     ..=.O+.=o...|
[   13.191484] cloud-init[964]: |      ..O+oo+o o.|
[   13.191686] cloud-init[964]: |       .o=.Eo.o o|
[   13.191803] cloud-init[964]: +----[SHA256]-----+
[   13.191902] cloud-init[964]: Generating public/private ed25519 key pair.
[   13.192361] cloud-init[964]: Your identification has been saved in /etc/ssh/ssh_host_ed25519_key.
[   13.192551] cloud-init[964]: Your public key has been saved in /etc/ssh/ssh_host_ed25519_key.pub.
[   13.192772] cloud-init[964]: The key fingerprint is:
[   13.192955] cloud-init[964]: SHA256:IfI98fCT6xYS2HZ/2hxfZ3j6mR1LetD897D2mODjzhc root@ubuntu-xenial
[   13.193164] cloud-init[964]: The key's randomart image is:
[   13.193358] cloud-init[964]: +--[ED25519 256]--+
[   13.193554] cloud-init[964]: |                 |
[   13.193785] cloud-init[964]: |                 |
[   13.194094] cloud-init[964]: |    . .o+        |
[   13.194300] cloud-init[964]: |     o.o+*..     |
[   13.194498] cloud-init[964]: |      ..So=.  o. |
[   13.194702] cloud-init[964]: |        ...o..Eo=|
[   13.194821] cloud-init[964]: |         ....=oX+|
[   13.195014] cloud-init[964]: |         ..oo.O*X|
[   13.195221] cloud-init[964]: |         ..o===*B|
[   13.195458] cloud-init[964]: +----[SHA256]-----+
[[0;32m  OK  [0m] Reached target System Initialization.
[[0;32m  OK  [0m] Started Message of the Day.
[[0;32m  OK  [0m] Started Daily apt download activities.
         Starting LXD - unix socket.
[[0;32m  OK  [0m] Started ACPI Events Check.
[[0;32m  OK  [0m] Reached target Paths.
[[0;32m  OK  [0m] Started Ubuntu Advantage update messaging.
[[0;32m  OK  [0m] Started Daily apt upgrade and clean activities.
[[0;32m  OK  [0m] Started Daily Cleanup of Temporary Directories.
[[0;32m  OK  [0m] Reached target Timers.
         Starting Socket activation for snappy daemon.
[[0;32m  OK  [0m] Listening on UUID daemon activation socket.
[[0;32m  OK  [0m] Listening on ACPID Listen Socket.
[[0;32m  OK  [0m] Listening on D-Bus System Message Bus Socket.
[[0;32m  OK  [0m] Reached target Cloud-config availability.
[[0;32m  OK  [0m] Reached target Network is Online.
         Starting iSCSI initiator daemon (iscsid)...
[[0;32m  OK  [0m] Listening on LXD - unix socket.
[[0;32m  OK  [0m] Listening on Socket activation for snappy daemon.
[[0;32m  OK  [0m] Reached target Sockets.
[[0;32m  OK  [0m] Reached target Basic System.
         Starting LSB: MD monitoring daemon...
         Starting LSB: Record successful boot for GRUB...
         Starting System Logging Service...
         Starting Login Service...
[[0;32m  OK  [0m] Started Regular background program processing daemon.
         Starting Virtualbox guest utils...
         Starting Snap Daemon...
[[0;32m  OK  [0m] Started D-Bus System Message Bus.
[[0;32m  OK  [0m] Started Deferred execution scheduler.
[[0;32m  OK  [0m] Started FUSE filesystem for LXC.
         Starting Accounts Service...
         Starting Pollinate to seed the pseudo random number generator...
[[0;32m  OK  [0m] Started ACPI event daemon.
         Starting /etc/rc.local Compatibility...
         Starting LXD - container startup/shutdown...
[[0;32m  OK  [0m] Started System Logging Service.
[[0;32m  OK  [0m] Started iSCSI initiator daemon (iscsid).
[[0;32m  OK  [0m] Started /etc/rc.local Compatibility.
         Starting Login to default iSCSI targets...
[[0;32m  OK  [0m] Started Login Service.
[[0;32m  OK  [0m] Started Unattended Upgrades Shutdown.
[[0;32m  OK  [0m] Started LSB: MD monitoring daemon.
[[0;32m  OK  [0m] Started LSB: Record successful boot for GRUB.
[[0;32m  OK  [0m] Started Login to default iSCSI targets.
[[0;32m  OK  [0m] Reached target Remote File Systems (Pre).
[[0;32m  OK  [0m] Reached target Remote File Systems.
         Starting Permit User Sessions...
         Starting LSB: automatic crash report generation...
         Starting LSB: Set the CPU Frequency Scaling governor to "ondemand"...
         Starting LSB: daemon to balance interrupts for SMP systems...
[[0;32m  OK  [0m] Started Permit User Sessions.
         Starting Terminate Plymouth Boot Screen...
         Starting Hold until boot process finishes up...
[[0;32m  OK  [0m] Started Hold until boot process finishes up.
         Starting Set console scheme...
[[0;32m  OK  [0m] Started Serial Getty on ttyS0.
[[0;32m  OK  [0m] Started Getty on tty1.
[[0;32m  OK  [0m] Reached target Login Prompts.
[[0;32m  OK  [0m] Started Set console scheme.
[[0;32m  OK  [0m] Started Terminate Plymouth Boot Screen.
[[0;32m  OK  [0m] Started LSB: automatic crash report generation.
[[0;32m  OK  [0m] Started LSB: Set the CPU Frequency Scaling governor to "ondemand".
         Starting Authenticate and Authorize Users to Run Privileged Tasks...
[[0;32m  OK  [0m] Started LSB: daemon to balance interrupts for SMP systems.
[[0;32m  OK  [0m] Started Authenticate and Authorize Users to Run Privileged Tasks.
[[0;32m  OK  [0m] Started Accounts Service.
[[0;32m  OK  [0m] Started LXD - container startup/shutdown.
[[0;32m  OK  [0m] Started Virtualbox guest utils.
[[0;32m  OK  [0m] Started Snap Daemon.
         Starting Wait until snapd is fully seeded...
[[0;32m  OK  [0m] Started Wait until snapd is fully seeded.
         Starting Apply the settings specified in cloud-config...
[   14.498369] cloud-init[1297]: Generating locales (this might take a while)...
[   15.348516] cloud-init[1297]:   en_US.UTF-8... done
[   15.349528] cloud-init[1297]: Generation complete.
[   15.594988] cloud-init[1297]: Cloud-init v. 21.1-19-gbad84ad4-0ubuntu1~16.04.2 running 'modules:config' at Tue, 30 Nov 2021 10:05:28 +0000. Up 14.38 seconds.
[[0;32m  OK  [0m] Started Apply the settings specified in cloud-config.
[[0;32m  OK  [0m] Started Pollinate to seed the pseudo random number generator.
         Starting OpenBSD Secure Shell server...
[[0;32m  OK  [0m] Started OpenBSD Secure Shell server.
[[0;32m  OK  [0m] Reached target Multi-User System.
[[0;32m  OK  [0m] Reached target Graphical Interface.
         Starting Update UTMP about System Runlevel Changes...
         Starting Execute cloud user/final scripts...
[[0;32m  OK  [0m] Started Update UTMP about System Runlevel Changes.
ci-info: no authorized SSH keys fingerprints found for user ubuntu.
<14>Nov 30 10:05:31 ec2: 
<14>Nov 30 10:05:31 ec2: #############################################################
<14>Nov 30 10:05:31 ec2: -----BEGIN SSH HOST KEY FINGERPRINTS-----
<14>Nov 30 10:05:31 ec2: 1024 SHA256:RIVNDBOuODVRB96PKM6QpkekrDUExSY7xajl5R0+V0Q root@ubuntu-xenial (DSA)
<14>Nov 30 10:05:31 ec2: 256 SHA256:Fn87UeR9q7oIxaxSfnjMLvTZqUlpenXt4veVVRniq6c root@ubuntu-xenial (ECDSA)
<14>Nov 30 10:05:31 ec2: 256 SHA256:IfI98fCT6xYS2HZ/2hxfZ3j6mR1LetD897D2mODjzhc root@ubuntu-xenial (ED25519)
<14>Nov 30 10:05:31 ec2: 2048 SHA256:fQWsVoKL9IpkhIBhnC1oGQ6qiZEdzB9ZYmo0FyTgIPc root@ubuntu-xenial (RSA)
<14>Nov 30 10:05:31 ec2: -----END SSH HOST KEY FINGERPRINTS-----
<14>Nov 30 10:05:31 ec2: #############################################################
-----BEGIN SSH HOST KEY KEYS-----
ecdsa-sha2-nistp256 AAAAE2VjZHNhLXNoYTItbmlzdHAyNTYAAAAIbmlzdHAyNTYAAABBBGwIIcVhNPT8LY/teULRY+Kh3TmJXG7Tqm39tV9cKyinDK4IqsGZV8mJ3Jf0hBSQgHe1giclKOlfb5jKTRT6JPc= root@ubuntu-xenial
ssh-ed25519 AAAAC3NzaC1lZDI1NTE5AAAAIAfcez3Mo3eCoWxoaa4CyZoP42Vy/wHnmWqnz5c+0IAR root@ubuntu-xenial
ssh-rsa AAAAB3NzaC1yc2EAAAADAQABAAABAQDNKBkVk1g7PgmZXNm5cK7i76bDt1/9LLrh+LaXCywf8dgqFG+IchSkhX+023e6lzm/1rsCuAakME/aNFuPvbqBnstX38BwoPfy/jBRZLkyteM+SbIHunr/EP2AJzHEkbpYyzj0yrs8IfSSX5fZ8Y437kmIF4bd7ba3Eew1JyM3zWtss0ffFeDxzvtjxCzGo06mY99HQ7MR1OiT7BG3bZ0nqM9We8V4lri01/db3psvIhb+ENGR8oMfYVrinSrdUis3hUGHnYb3OOPTLheZp+fXOGNyZZH4jn6egPtqbyoCl9fTfPq2vq13GMzBShzJhK1pZMTnXY9tpmCe993UataP root@ubuntu-xenial
-----END SSH HOST KEY KEYS-----
[   18.081507] cloud-init[1361]: Cloud-init v. 21.1-19-gbad84ad4-0ubuntu1~16.04.2 running 'modules:final' at Tue, 30 Nov 2021 10:05:31 +0000. Up 17.93 seconds.
[   18.082897] cloud-init[1361]: ci-info: no authorized SSH keys fingerprints found for user ubuntu.
[   18.083982] cloud-init[1361]: Cloud-init v. 21.1-19-gbad84ad4-0ubuntu1~16.04.2 finished at Tue, 30 Nov 2021 10:05:31 +0000. Datasource DataSourceNoCloud [seed=/dev/sdb][dsmode=net].  Up 18.07 seconds
[[0;32m  OK  [0m] Started Execute cloud user/final scripts.
[[0;32m  OK  [0m] Reached target Cloud-init target.

Ubuntu 16.04.7 LTS ubuntu-xenial ttyS0

ubuntu-xenial login: [[0;32m  OK  [0m] Stopped target Graphical Interface.
         Stopping User Manager for UID 1000...
         Stopping Accounts Service...
[[0;32m  OK  [0m] Stopped target Timers.
[[0;32m  OK  [0m] Stopped Daily apt upgrade and clean activities.
[[0;32m  OK  [0m] Stopped Daily Cleanup of Temporary Directories.
[[0;32m  OK  [0m] Stopped Ubuntu Advantage Timer for running repeated jobs.
[[0;32m  OK  [0m] Stopped Message of the Day.
[[0;32m  OK  [0m] Stopped Daily apt download activities.
[[0;32m  OK  [0m] Stopped target Cloud-init target.
         Stopping Session 9 of user vagrant.
         Stopping Authenticate and Authorize Users to Run Privileged Tasks...
[[0;32m  OK  [0m] Stopped Execute cloud user/final scripts.
[[0;32m  OK  [0m] Stopped Apply the settings specified in cloud-config.
[[0;32m  OK  [0m] Stopped target Cloud-config availability.
[[0;32m  OK  [0m] Stopped target Multi-User System.
         Stopping LSB: automatic crash report generation...
         Stopping LSB: daemon to balance interrupts for SMP systems...
         Stopping LSB: Set the CPU Frequency Scaling governor to "ondemand"...
         Stopping Virtualbox guest utils...
         Stopping A high performance web server and a reverse proxy server...
         Stopping LSB: Record successful boot for GRUB...
         Stopping OpenBSD Secure Shell server...
         Stopping LSB: MD monitoring daemon...
         Stopping System Logging Service...
         Stopping D-Bus System Message Bus...
         Stopping LXD - container startup/shutdown...
         Stopping FUSE filesystem for LXC...
[[0;32m  OK  [0m] Stopped target System Time Synchronized.
         Stopping Regular background program processing daemon...
[[0;32m  OK  [0m] Closed Load/Save RF Kill Switch Status /dev/rfkill Watch.
         Stopping Deferred execution scheduler...
[[0;32m  OK  [0m] Stopped Wait until snapd is fully seeded.
         Stopping ACPI event daemon...
[[0;32m  OK  [0m] Stopped target Login Prompts.
         Stopping Serial Getty on ttyS0...
         Stopping Getty on tty1...
[[0;32m  OK  [0m] Unmounted /var/lib/lxcfs.
[[0;32m  OK  [0m] Stopped System Logging Service.
[[0;32m  OK  [0m] Stopped Regular background program processing daemon.
[[0;32m  OK  [0m] Stopped Deferred execution scheduler.
[[0;32m  OK  [0m] Stopped Accounts Service.
[[0;32m  OK  [0m] Stopped Serial Getty on ttyS0.
[[0;32m  OK  [0m] Stopped Getty on tty1.
[[0;32m  OK  [0m] Stopped Authenticate and Authorize Users to Run Privileged Tasks.
[[0;32m  OK  [0m] Stopped OpenBSD Secure Shell server.
[[0;32m  OK  [0m] Stopped ACPI event daemon.
[[0;32m  OK  [0m] Stopped User Manager for UID 1000.
[[0;32m  OK  [0m] Stopped Session 9 of user vagrant.
[[0;32m  OK  [0m] Stopped D-Bus System Message Bus.
[[0;32m  OK  [0m] Stopped FUSE filesystem for LXC.
[[0;32m  OK  [0m] Stopped A high performance web server and a reverse proxy server.
[[0;32m  OK  [0m] Stopped LSB: Set the CPU Frequency Scaling governor to "ondemand".
[[0;32m  OK  [0m] Stopped LXD - container startup/shutdown.
[[0;32m  OK  [0m] Stopped LSB: daemon to balance interrupts for SMP systems.
[[0;32m  OK  [0m] Stopped LSB: automatic crash report generation.
[[0;32m  OK  [0m] Stopped LSB: Record successful boot for GRUB.
[[0;32m  OK  [0m] Stopped LSB: MD monitoring daemon.
[[0;32m  OK  [0m] Removed slice User Slice of vagrant.
         Stopping Login Service...
[[0;32m  OK  [0m] Removed slice system-getty.slice.
[[0;32m  OK  [0m] Removed slice system-serial\x2dgetty.slice.
         Stopping Permit User Sessions...
[[0;32m  OK  [0m] Stopped /etc/rc.local Compatibility.
[[0;32m  OK  [0m] Stopped Virtualbox guest utils.
[[0;32m  OK  [0m] Stopped Permit User Sessions.
[[0;32m  OK  [0m] Stopped target Remote File Systems.
         Unmounting /vagrant...
[[0;32m  OK  [0m] Unmounted /vagrant.
[[0;32m  OK  [0m] Stopped target Remote File Systems (Pre).
         Stopping Login to default iSCSI targets...
[[0;32m  OK  [0m] Stopped Login to default iSCSI targets.
         Stopping iSCSI initiator daemon (iscsid)...
[[0;32m  OK  [0m] Stopped Login Service.
[[0;32m  OK  [0m] Stopped iSCSI initiator daemon (iscsid).
[[0;32m  OK  [0m] Stopped target Network is Online.
[[0;32m  OK  [0m] Stopped target Network.
[[0;32m  OK  [0m] Stopped target Basic System.
[[0;32m  OK  [0m] Stopped target Paths.
[[0;32m  OK  [0m] Stopped Trigger to poll for Ubuntu ...nly enabled on GCP LTS non-pro).
[[0;32m  OK  [0m] Stopped Forward Password Requests to Wall Directory Watch.
[[0;32m  OK  [0m] Stopped Dispatch Password Requests to Console Directory Watch.
[[0;32m  OK  [0m] Stopped ACPI Events Check.
[[0;32m  OK  [0m] Stopped target Sockets.
[[0;32m  OK  [0m] Closed UUID daemon activation socket.
[[0;32m  OK  [0m] Closed D-Bus System Message Bus Socket.
[[0;32m  OK  [0m] Closed Socket activation for snappy daemon.
[[0;32m  OK  [0m] Closed ACPID Listen Socket.
[[0;32m  OK  [0m] Closed LXD - unix socket.
[[0;32m  OK  [0m] Closed Syslog Socket.
[[0;32m  OK  [0m] Stopped target System Initialization.
[[0;32m  OK  [0m] Stopped Commit a transient machine-id on disk.
[[0;32m  OK  [0m] Stopped Initial cloud-init job (metadata service crawler).
         Stopping Raise network interfaces...
         Stopping Load/Save Random Seed...
[[0;32m  OK  [0m] Stopped target Encrypted Volumes.
[[0;32m  OK  [0m] Stopped target Swap.
         Stopping Update UTMP about System Boot/Shutdown...
[[0;32m  OK  [0m] Stopped target Slices.
[[0;32m  OK  [0m] Removed slice User and Session Slice.
[[0;32m  OK  [0m] Stopped target User and Group Name Lookups.
[[0;32m  OK  [0m] Stopped Load/Save Random Seed.
[[0;32m  OK  [0m] Stopped Update UTMP about System Boot/Shutdown.
[[0;32m  OK  [0m] Stopped Create Volatile Files and Directories.
[[0;32m  OK  [0m] Stopped Raise network interfaces.
[[0;32m  OK  [0m] Stopped Apply Kernel Variables.
[[0;32m  OK  [0m] Stopped Load Kernel Modules.
[[0;32m  OK  [0m] Stopped target Local File Systems.
         Unmounting /run/user/1000...
[[0;32m  OK  [0m] Stopped target Network (Pre).
[[0;32m  OK  [0m] Stopped Initial cloud-init job (pre-networking).
[[0;32m  OK  [0m] Unmounted /run/user/1000.
[[0;32m  OK  [0m] Reached target Unmount All Filesystems.
[[0;32m  OK  [0m] Stopped target Local File Systems (Pre).
         Stopping Monitoring of LVM2 mirrors... dmeventd or progress polling...
[[0;32m  OK  [0m] Stopped Create Static Device Nodes in /dev.
[[0;32m  OK  [0m] Stopped Remount Root and Kernel File Systems.
[[0;32m  OK  [0m] Reached target Shutdown.
[ 2281.708510] reboot: Power down
