[    0.000000] Initializing cgroup subsys cpuset
[    0.000000] Initializing cgroup subsys cpu
[    0.000000] Initializing cgroup subsys cpuacct
[    0.000000] Linux version 4.4.0-210-generic (buildd@lgw01-amd64-009) (gcc version 5.4.0 20160609 (Ubuntu 5.4.0-6ubuntu1~16.04.12) ) #242-Ubuntu SMP Fri Apr 16 09:57:56 UTC 2021 (Ubuntu 4.4.0-210.242-generic 4.4.262)
[    0.000000] Command line: BOOT_IMAGE=/boot/vmlinuz-4.4.0-210-generic root=LABEL=cloudimg-rootfs ro console=tty1 console=ttyS0
[    0.000000] KERNEL supported cpus:
[    0.000000]   Intel GenuineIntel
[    0.000000]   AMD AuthenticAMD
[    0.000000]   Centaur CentaurHauls
[    0.000000] x86/fpu: xstate_offset[2]:  576, xstate_sizes[2]:  256
[    0.000000] x86/fpu: Supporting XSAVE feature 0x01: 'x87 floating point registers'
[    0.000000] x86/fpu: Supporting XSAVE feature 0x02: 'SSE registers'
[    0.000000] x86/fpu: Supporting XSAVE feature 0x04: 'AVX registers'
[    0.000000] x86/fpu: Enabled xstate features 0x7, context size is 832 bytes, using 'standard' format.
[    0.000000] e820: BIOS-provided physical RAM map:
[    0.000000] BIOS-e820: [mem 0x0000000000000000-0x000000000009fbff] usable
[    0.000000] BIOS-e820: [mem 0x000000000009fc00-0x000000000009ffff] reserved
[    0.000000] BIOS-e820: [mem 0x00000000000f0000-0x00000000000fffff] reserved
[    0.000000] BIOS-e820: [mem 0x0000000000100000-0x000000003ffeffff] usable
[    0.000000] BIOS-e820: [mem 0x000000003fff0000-0x000000003fffffff] ACPI data
[    0.000000] BIOS-e820: [mem 0x00000000fec00000-0x00000000fec00fff] reserved
[    0.000000] BIOS-e820: [mem 0x00000000fee00000-0x00000000fee00fff] reserved
[    0.000000] BIOS-e820: [mem 0x00000000fffc0000-0x00000000ffffffff] reserved
[    0.000000] NX (Execute Disable) protection: active
[    0.000000] SMBIOS 2.5 present.
[    0.000000] Hypervisor detected: KVM
[    0.000000] e820: last_pfn = 0x3fff0 max_arch_pfn = 0x400000000
[    0.000000] MTRR: Disabled
[    0.000000] x86/PAT: MTRRs disabled, skipping PAT initialization too.
[    0.000000] CPU MTRRs all blank - virtualized system.
[    0.000000] x86/PAT: Configuration [0-7]: WB  WT  UC- UC  WB  WT  UC- UC  
[    0.000000] found SMP MP-table at [mem 0x0009fff0-0x0009ffff] mapped at [ffff88000009fff0]
[    0.000000] Scanning 1 areas for low memory corruption
[    0.000000] RAMDISK: [mem 0x362dc000-0x37165fff]
[    0.000000] ACPI: Early table checksum verification disabled
[    0.000000] ACPI: RSDP 0x00000000000E0000 000024 (v02 VBOX  )
[    0.000000] ACPI: XSDT 0x000000003FFF0030 00003C (v01 VBOX   VBOXXSDT 00000001 ASL  00000061)
[    0.000000] ACPI: FACP 0x000000003FFF00F0 0000F4 (v04 VBOX   VBOXFACP 00000001 ASL  00000061)
[    0.000000] ACPI: DSDT 0x000000003FFF0470 002325 (v02 VBOX   VBOXBIOS 00000002 INTL 20100528)
[    0.000000] ACPI: FACS 0x000000003FFF0200 000040
[    0.000000] ACPI: FACS 0x000000003FFF0200 000040
[    0.000000] ACPI: APIC 0x000000003FFF0240 00005C (v02 VBOX   VBOXAPIC 00000001 ASL  00000061)
[    0.000000] ACPI: SSDT 0x000000003FFF02A0 0001CC (v01 VBOX   VBOXCPUT 00000002 INTL 20100528)
[    0.000000] No NUMA configuration found
[    0.000000] Faking a node at [mem 0x0000000000000000-0x000000003ffeffff]
[    0.000000] NODE_DATA(0) allocated [mem 0x3ffeb000-0x3ffeffff]
[    0.000000] kvm-clock: Using msrs 4b564d01 and 4b564d00
[    0.000000] kvm-clock: cpu 0, msr 0:3ffe3001, primary cpu clock
[    0.000000] kvm-clock: using sched offset of 3293259859 cycles
[    0.000000] clocksource: kvm-clock: mask: 0xffffffffffffffff max_cycles: 0x1cd42e4dffb, max_idle_ns: 881590591483 ns
[    0.000000] Zone ranges:
[    0.000000]   DMA      [mem 0x0000000000001000-0x0000000000ffffff]
[    0.000000]   DMA32    [mem 0x0000000001000000-0x000000003ffeffff]
[    0.000000]   Normal   empty
[    0.000000]   Device   empty
[    0.000000] Movable zone start for each node
[    0.000000] Early memory node ranges
[    0.000000]   node   0: [mem 0x0000000000001000-0x000000000009efff]
[    0.000000]   node   0: [mem 0x0000000000100000-0x000000003ffeffff]
[    0.000000] Initmem setup node 0 [mem 0x0000000000001000-0x000000003ffeffff]
[    0.000000] ACPI: PM-Timer IO Port: 0x4008
[    0.000000] IOAPIC[0]: apic_id 2, version 32, address 0xfec00000, GSI 0-23
[    0.000000] ACPI: INT_SRC_OVR (bus 0 bus_irq 0 global_irq 2 dfl dfl)
[    0.000000] ACPI: INT_SRC_OVR (bus 0 bus_irq 9 global_irq 9 low level)
[    0.000000] Using ACPI (MADT) for SMP configuration information
[    0.000000] smpboot: Allowing 2 CPUs, 0 hotplug CPUs
[    0.000000] PM: Registered nosave memory: [mem 0x00000000-0x00000fff]
[    0.000000] PM: Registered nosave memory: [mem 0x0009f000-0x0009ffff]
[    0.000000] PM: Registered nosave memory: [mem 0x000a0000-0x000effff]
[    0.000000] PM: Registered nosave memory: [mem 0x000f0000-0x000fffff]
[    0.000000] e820: [mem 0x40000000-0xfebfffff] available for PCI devices
[    0.000000] Booting paravirtualized kernel on KVM
[    0.000000] clocksource: refined-jiffies: mask: 0xffffffff max_cycles: 0xffffffff, max_idle_ns: 7645519600211568 ns
[    0.000000] setup_percpu: NR_CPUS:512 nr_cpumask_bits:512 nr_cpu_ids:2 nr_node_ids:1
[    0.000000] PERCPU: Embedded 33 pages/cpu @ffff88003fc00000 s95192 r8192 d31784 u1048576
[    0.000000] Built 1 zonelists in Node order, mobility grouping on.  Total pages: 257912
[    0.000000] Policy zone: DMA32
[    0.000000] Kernel command line: BOOT_IMAGE=/boot/vmlinuz-4.4.0-210-generic root=LABEL=cloudimg-rootfs ro console=tty1 console=ttyS0
[    0.000000] PID hash table entries: 4096 (order: 3, 32768 bytes)
[    0.000000] Memory: 997792K/1048120K available (8644K kernel code, 1332K rwdata, 4044K rodata, 1492K init, 1164K bss, 50328K reserved, 0K cma-reserved)
[    0.000000] SLUB: HWalign=64, Order=0-3, MinObjects=0, CPUs=2, Nodes=1
[    0.000000] Kernel/User page tables isolation: enabled
[    0.000000] Hierarchical RCU implementation.
[    0.000000] 	Build-time adjustment of leaf fanout to 64.
[    0.000000] 	RCU restricting CPUs from NR_CPUS=512 to nr_cpu_ids=2.
[    0.000000] RCU: Adjusting geometry for rcu_fanout_leaf=64, nr_cpu_ids=2
[    0.000000] NR_IRQS:33024 nr_irqs:440 16
[    0.000000] Console: colour VGA+ 80x25
[    0.000000] console [tty1] enabled
[    0.000000] console [ttyS0] enabled
[    0.000000] tsc: Detected 3504.000 MHz processor
[    0.129074] Calibrating delay loop (skipped) preset value.. 7008.00 BogoMIPS (lpj=14016000)
[    0.130729] pid_max: default: 32768 minimum: 301
[    0.131588] ACPI: Core revision 20150930
[    0.133836] ACPI: 2 ACPI AML tables successfully acquired and loaded
[    0.135075] Security Framework initialized
[    0.135875] Yama: becoming mindful.
[    0.136690] AppArmor: AppArmor initialized
[    0.137624] Dentry cache hash table entries: 131072 (order: 8, 1048576 bytes)
[    0.139235] Inode-cache hash table entries: 65536 (order: 7, 524288 bytes)
[    0.140509] Mount-cache hash table entries: 2048 (order: 2, 16384 bytes)
[    0.141637] Mountpoint-cache hash table entries: 2048 (order: 2, 16384 bytes)
[    0.142958] Initializing cgroup subsys io
[    0.143729] Initializing cgroup subsys memory
[    0.144603] Initializing cgroup subsys devices
[    0.145438] Initializing cgroup subsys freezer
[    0.146344] Initializing cgroup subsys net_cls
[    0.147177] Initializing cgroup subsys perf_event
[    0.148057] Initializing cgroup subsys net_prio
[    0.149010] Initializing cgroup subsys hugetlb
[    0.149888] Initializing cgroup subsys pids
[    0.151882] mce: CPU supports 0 MCE banks
[    0.152743] Last level iTLB entries: 4KB 64, 2MB 8, 4MB 8
[    0.153693] Last level dTLB entries: 4KB 64, 2MB 0, 4MB 0, 1GB 4
[    0.154808] Spectre V1 : Mitigation: usercopy/swapgs barriers and __user pointer sanitization
[    0.156391] Spectre V2 : Mitigation: Full generic retpoline
[    0.157372] Spectre V2 : Spectre v2 / SpectreRSB mitigation: Filling RSB on context switch
[    0.158918] Speculative Store Bypass: Vulnerable
[    0.159852] MDS: Mitigation: Clear CPU buffers
[    0.163129] Freeing SMP alternatives memory: 36K
[    0.169403] ftrace: allocating 32380 entries in 127 pages
[    0.221817] smpboot: APIC(0) Converting physical 0 to logical package 0
[    0.223168] smpboot: Max logical packages: 1
[    0.224253] x2apic enabled
[    0.225092] Switched APIC routing to physical x2apic.
[    0.227205] ..TIMER: vector=0x30 apic1=0 pin1=2 apic2=-1 pin2=-1
[    0.336385] smpboot: CPU0: Intel(R) Core(TM) i9-9900X CPU @ 3.50GHz (family: 0x6, model: 0x55, stepping: 0x4)
[    0.338356] Performance Events: unsupported p6 CPU model 85 no PMU driver, software events only.
[    0.347377] KVM setup paravirtual spinlock
[    0.349039] x86: Booting SMP configuration:
[    0.349860] .... node  #0, CPUs:      #1
[    0.350739] kvm-clock: cpu 1, msr 0:3ffe3041, secondary cpu clock
[    0.352658] mce: CPU supports 0 MCE banks
[    0.355334] x86: Booted up 1 node, 2 CPUs
[    0.356334] smpboot: Total of 2 processors activated (14016.00 BogoMIPS)
[    0.357844] devtmpfs: initialized
[    0.359786] evm: security.selinux
[    0.360494] evm: security.SMACK64
[    0.361190] evm: security.SMACK64EXEC
[    0.361948] evm: security.SMACK64TRANSMUTE
[    0.362736] evm: security.SMACK64MMAP
[    0.363545] evm: security.ima
[    0.364218] evm: security.capability
[    0.365078] clocksource: jiffies: mask: 0xffffffff max_cycles: 0xffffffff, max_idle_ns: 7645041785100000 ns
[    0.366844] futex hash table entries: 512 (order: 3, 32768 bytes)
[    0.368017] pinctrl core: initialized pinctrl subsystem
[    0.369551] RTC time: 11:58:29, date: 11/30/21
[    0.370543] NET: Registered protocol family 16
[    0.380959] cpuidle: using governor ladder
[    0.393351] cpuidle: using governor menu
[    0.394214] PCCT header not found.
[    0.394968] ACPI: bus type PCI registered
[    0.395828] acpiphp: ACPI Hot Plug PCI Controller Driver version: 0.5
[    0.397089] PCI: Using configuration type 1 for base access
[    0.410220] ACPI: Added _OSI(Module Device)
[    0.411063] ACPI: Added _OSI(Processor Device)
[    0.411913] ACPI: Added _OSI(3.0 _SCP Extensions)
[    0.412844] ACPI: Added _OSI(Processor Aggregator Device)
[    0.414484] ACPI: Executed 1 blocks of module-level executable AML code
[    0.417468] ACPI: Interpreter enabled
[    0.418202] ACPI: (supports S0 S5)
[    0.418923] ACPI: Using IOAPIC for interrupt routing
[    0.419968] PCI: Using host bridge windows from ACPI; if necessary, use "pci=nocrs" and report a bug
[    0.424576] ACPI: PCI Root Bridge [PCI0] (domain 0000 [bus 00-ff])
[    0.425708] acpi PNP0A03:00: _OSC: OS supports [ASPM ClockPM Segments MSI]
[    0.427124] acpi PNP0A03:00: _OSC: not requesting OS control; OS requires [ExtendedConfig ASPM ClockPM MSI]
[    0.428948] acpi PNP0A03:00: fail to add MMCONFIG information, can't access extended PCI configuration space under this bridge.
[    0.431186] PCI host bridge to bus 0000:00
[    0.431988] pci_bus 0000:00: root bus resource [io  0x0000-0x0cf7 window]
[    0.433183] pci_bus 0000:00: root bus resource [io  0x0d00-0xffff window]
[    0.434350] pci_bus 0000:00: root bus resource [mem 0x000a0000-0x000bffff window]
[    0.436044] pci_bus 0000:00: root bus resource [mem 0x40000000-0xfdffffff window]
[    0.438115] pci_bus 0000:00: root bus resource [bus 00-ff]
[    0.441224] pci 0000:00:01.1: legacy IDE quirk: reg 0x10: [io  0x01f0-0x01f7]
[    0.442583] pci 0000:00:01.1: legacy IDE quirk: reg 0x14: [io  0x03f6]
[    0.443894] pci 0000:00:01.1: legacy IDE quirk: reg 0x18: [io  0x0170-0x0177]
[    0.445238] pci 0000:00:01.1: legacy IDE quirk: reg 0x1c: [io  0x0376]
[    0.466599] pci 0000:00:07.0: quirk: [io  0x4000-0x403f] claimed by PIIX4 ACPI
[    0.468088] pci 0000:00:07.0: quirk: [io  0x4100-0x410f] claimed by PIIX4 SMB
[    0.474697] ACPI: PCI Interrupt Link [LNKA] (IRQs 5 9 10 *11)
[    0.476235] ACPI: PCI Interrupt Link [LNKB] (IRQs 5 9 *10 11)
[    0.477641] ACPI: PCI Interrupt Link [LNKC] (IRQs 5 *9 10 11)
[    0.479018] ACPI: PCI Interrupt Link [LNKD] (IRQs 5 9 10 *11)
[    0.480509] ACPI: Enabled 2 GPEs in block 00 to 07
[    0.481744] vgaarb: setting as boot device: PCI:0000:00:02.0
[    0.482752] vgaarb: device added: PCI:0000:00:02.0,decodes=io+mem,owns=io+mem,locks=none
[    0.484341] vgaarb: loaded
[    0.484947] vgaarb: bridge control possible 0000:00:02.0
[    0.486099] SCSI subsystem initialized
[    0.486981] ACPI: bus type USB registered
[    0.487777] usbcore: registered new interface driver usbfs
[    0.488758] usbcore: registered new interface driver hub
[    0.489806] usbcore: registered new device driver usb
[    0.491099] PCI: Using ACPI for IRQ routing
[    0.492149] NetLabel: Initializing
[    0.492842] NetLabel:  domain hash size = 128
[    0.493663] NetLabel:  protocols = UNLABELED CIPSOv4
[    0.494572] NetLabel:  unlabeled traffic allowed by default
[    0.495648] amd_nb: Cannot enumerate AMD northbridges
[    0.496625] clocksource: Switched to clocksource kvm-clock
[    0.502652] AppArmor: AppArmor Filesystem Enabled
[    0.503618] pnp: PnP ACPI init
[    0.505042] pnp: PnP ACPI: found 3 devices
[    0.513356] clocksource: acpi_pm: mask: 0xffffff max_cycles: 0xffffff, max_idle_ns: 2085701024 ns
[    0.515174] NET: Registered protocol family 2
[    0.516219] TCP established hash table entries: 8192 (order: 4, 65536 bytes)
[    0.517612] TCP bind hash table entries: 8192 (order: 5, 131072 bytes)
[    0.518963] TCP: Hash tables configured (established 8192 bind 8192)
[    0.520193] UDP hash table entries: 512 (order: 2, 16384 bytes)
[    0.521405] UDP-Lite hash table entries: 512 (order: 2, 16384 bytes)
[    0.522730] NET: Registered protocol family 1
[    0.523656] pci 0000:00:00.0: Limiting direct PCI/PCI transfers
[    0.524846] pci 0000:00:01.0: Activating ISA DMA hang workarounds
[    0.526233] Unpacking initramfs...
[    0.675273] Freeing initrd memory: 14888K
[    0.676227] clocksource: tsc: mask: 0xffffffffffffffff max_cycles: 0x3282142a9b0, max_idle_ns: 440795384778 ns
[    0.678081] platform rtc_cmos: registered platform RTC device (no PNP device found)
[    0.679602] Scanning for low memory corruption every 60 seconds
[    0.680915] audit: initializing netlink subsys (disabled)
[    0.681937] audit: type=2000 audit(1638273514.558:1): initialized
[    0.683212] Initialise system trusted keyring
[    0.684160] HugeTLB registered 2 MB page size, pre-allocated 0 pages
[    0.686336] zbud: loaded
[    0.687169] VFS: Disk quotas dquot_6.6.0
[    0.687965] VFS: Dquot-cache hash table entries: 512 (order 0, 4096 bytes)
[    0.689317] squashfs: version 4.0 (2009/01/31) Phillip Lougher
[    0.690542] fuse init (API version 7.23)
[    0.691502] Key type big_key registered
[    0.692291] Allocating IMA MOK and blacklist keyrings.
[    0.693963] Key type asymmetric registered
[    0.694751] Asymmetric key parser 'x509' registered
[    0.695692] Block layer SCSI generic (bsg) driver version 0.4 loaded (major 249)
[    0.697270] io scheduler noop registered
[    0.698102] io scheduler deadline registered (default)
[    0.699044] io scheduler cfq registered
[    0.699875] pci_hotplug: PCI Hot Plug PCI Core version: 0.5
[    0.700865] pciehp: PCI Express Hot Plug Controller Driver version: 0.4
[    0.702097] ACPI: AC Adapter [AC] (on-line)
[    0.702974] input: Power Button as /devices/LNXSYSTM:00/LNXPWRBN:00/input/input0
[    0.704402] ACPI: Power Button [PWRF]
[    0.705292] input: Sleep Button as /devices/LNXSYSTM:00/LNXSLPBN:00/input/input1
[    0.706713] ACPI: Sleep Button [SLPF]
[    0.707582] GHES: HEST is not enabled!
[    0.708423] Serial: 8250/16550 driver, 32 ports, IRQ sharing enabled
[    0.730008] 00:02: ttyS0 at I/O 0x3f8 (irq = 4, base_baud = 115200) is a 16550A
[    0.733031] Linux agpgart interface v0.103
[    0.734957] loop: module loaded
[    0.736087] scsi host0: ata_piix
[    0.736877] scsi host1: ata_piix
[    0.737581] ata1: PATA max UDMA/33 cmd 0x1f0 ctl 0x3f6 bmdma 0xd000 irq 14
[    0.738754] ata2: PATA max UDMA/33 cmd 0x170 ctl 0x376 bmdma 0xd008 irq 15
[    0.739979] libphy: Fixed MDIO Bus: probed
[    0.740844] tun: Universal TUN/TAP device driver, 1.6
[    0.741816] tun: (C) 1999-2004 Max Krasnyansky <maxk@qualcomm.com>
[    0.743032] PPP generic driver version 2.4.2
[    0.743923] ehci_hcd: USB 2.0 'Enhanced' Host Controller (EHCI) Driver
[    0.745038] ehci-pci: EHCI PCI platform driver
[    0.745876] ehci-platform: EHCI generic platform driver
[    0.746812] ohci_hcd: USB 1.1 'Open' Host Controller (OHCI) Driver
[    0.747938] ohci-pci: OHCI PCI platform driver
[    0.748795] ohci-platform: OHCI generic platform driver
[    0.749869] uhci_hcd: USB Universal Host Controller Interface driver
[    0.751056] i8042: PNP: PS/2 Controller [PNP0303:PS2K,PNP0f03:PS2M] at 0x60,0x64 irq 1,12
[    0.753021] serio: i8042 KBD port at 0x60,0x64 irq 1
[    0.753951] serio: i8042 AUX port at 0x60,0x64 irq 12
[    0.755092] mousedev: PS/2 mouse device common for all mice
[    0.756464] input: AT Translated Set 2 keyboard as /devices/platform/i8042/serio0/input/input2
[    0.758416] rtc_cmos rtc_cmos: rtc core: registered rtc_cmos as rtc0
[    0.759611] rtc_cmos rtc_cmos: alarms up to one day, 114 bytes nvram
[    0.760835] i2c /dev entries driver
[    0.761624] device-mapper: uevent: version 1.0.3
[    0.762570] device-mapper: ioctl: 4.34.0-ioctl (2015-10-28) initialised: dm-devel@redhat.com
[    0.764154] ledtrig-cpu: registered to indicate activity on CPUs
[    0.765496] NET: Registered protocol family 10
[    0.766522] NET: Registered protocol family 17
[    0.767368] Key type dns_resolver registered
[    0.768509] registered taskstats version 1
[    0.769350] Loading compiled-in X.509 certificates
[    0.770602] Loaded X.509 cert 'Build time autogenerated kernel key: cf00e047681d67edb2720680708b7d9498083038'
[    0.772357] zswap: loaded using pool lzo/zbud
[    0.774510] Key type trusted registered
[    0.777281] Key type encrypted registered
[    0.778084] AppArmor: AppArmor sha1 policy hashing enabled
[    0.779079] ima: No TPM chip found, activating TPM-bypass!
[    0.780046] ima: Allocated hash algorithm: sha1
[    0.780918] evm: HMAC attrs: 0x1
[    0.781873]   Magic number: 13:893:985
[    0.782688] rtc_cmos rtc_cmos: setting system clock to 2021-11-30 11:58:30 UTC (1638273510)
[    0.784355] BIOS EDD facility v0.16 2004-Jun-25, 0 devices found
[    0.785448] EDD information not available.
[    0.917259] Freeing unused kernel memory: 1492K
[    0.918201] Write protecting the kernel read-only data: 14336k
[    0.919543] Freeing unused kernel memory: 1584K
[    0.920502] Freeing unused kernel memory: 52K
Loading, please wait...
starting version 229
[    0.930605] random: systemd-udevd: uninitialized urandom read (16 bytes read, 3 bits of entropy available)
[    0.931011] random: udevadm: uninitialized urandom read (16 bytes read, 3 bits of entropy available)
[    0.931026] random: udevadm: uninitialized urandom read (16 bytes read, 3 bits of entropy available)
[    0.935893] random: systemd-udevd: uninitialized urandom read (16 bytes read, 3 bits of entropy available)
[    0.937713] random: systemd-udevd: uninitialized urandom read (16 bytes read, 3 bits of entropy available)
[    0.937726] random: udevadm: uninitialized urandom read (16 bytes read, 3 bits of entropy available)
[    0.937757] random: udevadm: uninitialized urandom read (16 bytes read, 3 bits of entropy available)
[    0.937864] random: udevadm: uninitialized urandom read (16 bytes read, 3 bits of entropy available)
[    0.937902] random: udevadm: uninitialized urandom read (16 bytes read, 3 bits of entropy available)
[    0.937939] random: udevadm: uninitialized urandom read (16 bytes read, 3 bits of entropy available)
[    0.973293] e1000: Intel(R) PRO/1000 Network Driver - version 7.3.21-k8-NAPI
[    0.974667] e1000: Copyright (c) 1999-2006 Intel Corporation.
[    0.975982] Fusion MPT base driver 3.04.20
[    0.976894] Copyright (c) 1999-2008 LSI Corporation
[    0.980247] Fusion MPT SPI Host driver 3.04.20
[    0.995866] AVX2 version of gcm_enc/dec engaged.
[    0.996912] AES CTR mode by8 optimization enabled
[    1.185900] input: ImExPS/2 Generic Explorer Mouse as /devices/platform/i8042/serio1/input/input4
[    1.334193] e1000 0000:00:03.0 eth0: (PCI:33MHz:32-bit) 02:be:82:6b:cc:1d
[    1.335477] e1000 0000:00:03.0 eth0: Intel(R) PRO/1000 Network Connection
[    1.691006] e1000 0000:00:08.0 eth1: (PCI:33MHz:32-bit) 08:00:27:0b:47:3e
[    1.692271] e1000 0000:00:08.0 eth1: Intel(R) PRO/1000 Network Connection
[    1.694133] mptbase: ioc0: Initiating bringup
[    1.694264] e1000 0000:00:03.0 enp0s3: renamed from eth0
[    1.705166] e1000 0000:00:08.0 enp0s8: renamed from eth1
[    2.678807] ioc0: LSI53C1030 A0: Capabilities={Initiator}
[    5.678989] scsi host2: ioc0: LSI53C1030 A0, FwRev=00000000h, Ports=1, MaxQ=256, IRQ=20
[    7.697926] scsi 2:0:0:0: Direct-Access     VBOX     HARDDISK         1.0  PQ: 0 ANSI: 5
[    7.699523] scsi target2:0:0: Beginning Domain Validation
[    7.701230] scsi target2:0:0: Domain Validation skipping write tests
[    7.702361] scsi target2:0:0: Ending Domain Validation
[    7.703331] scsi target2:0:0: asynchronous
[    7.704372] scsi 2:0:1:0: Direct-Access     VBOX     HARDDISK         1.0  PQ: 0 ANSI: 5
[    7.705945] scsi target2:0:1: Beginning Domain Validation
[    7.707504] scsi target2:0:1: Domain Validation skipping write tests
[    7.718605] scsi target2:0:1: Ending Domain Validation
[    7.719627] scsi target2:0:1: asynchronous
[    7.723843] sd 2:0:0:0: Attached scsi generic sg0 type 0
[    7.725023] sd 2:0:0:0: [sda] 83886080 512-byte logical blocks: (42.9 GB/40.0 GiB)
[    7.725114] sd 2:0:1:0: Attached scsi generic sg1 type 0
[    7.725197] sd 2:0:1:0: [sdb] 20480 512-byte logical blocks: (10.5 MB/10.0 MiB)
[    7.725282] sd 2:0:1:0: [sdb] Write Protect is off
[    7.725340] sd 2:0:1:0: [sdb] Incomplete mode parameter data
[    7.725341] sd 2:0:1:0: [sdb] Assuming drive cache: write through
[    7.727015] sd 2:0:1:0: [sdb] Attached SCSI disk
[    7.733294] sd 2:0:0:0: [sda] Write Protect is off
[    7.734281] sd 2:0:0:0: [sda] Incomplete mode parameter data
[    7.735340] sd 2:0:0:0: [sda] Assuming drive cache: write through
[    7.737562]  sda: sda1
[    7.738691] sd 2:0:0:0: [sda] Attached SCSI disk
Begin: Loading essential drivers ... [    9.100719] md: linear personality registered for level -1
[    9.103512] md: multipath personality registered for level -4
[    9.106521] md: raid0 personality registered for level 0
[    9.110335] md: raid1 personality registered for level 1
[    9.180691] raid6: sse2x1   gen() 14227 MB/s
[    9.248729] raid6: sse2x1   xor() 10795 MB/s
[    9.316728] raid6: sse2x2   gen() 17676 MB/s
[    9.384636] raid6: sse2x2   xor() 13066 MB/s
[    9.452637] raid6: sse2x4   gen() 20809 MB/s
[    9.520733] raid6: sse2x4   xor() 14009 MB/s
[    9.588706] raid6: avx2x1   gen() 26425 MB/s
[    9.656704] raid6: avx2x2   gen() 34442 MB/s
[    9.724705] raid6: avx2x4   gen() 37108 MB/s
[    9.725611] raid6: using algorithm avx2x4 gen() 37108 MB/s
[    9.726603] raid6: using avx2x2 recovery algorithm
[    9.728249] xor: automatically using best checksumming function:
[    9.768677]    avx       : 31011.000 MB/sec
[    9.770860] async_tx: api initialized (async)
[    9.778829] md: raid6 personality registered for level 6
[    9.779880] md: raid5 personality registered for level 5
[    9.780848] md: raid4 personality registered for level 4
[    9.786879] md: raid10 personality registered for level 10
done.
Begin: Running /scripts/init-premount ... done.
Begin: Mounting root file system ... Begin: Running /scripts/local-top ... done.
Begin: Running /scripts/local-premount ... [    9.810265] Btrfs loaded
Scanning for Btrfs filesystems
done.
Warning: fsck not present, so skipping root file system
[    9.831931] EXT4-fs (sda1): mounted filesystem with ordered data mode. Opts: (null)
done.
Begin: Running /scripts/local-bottom ... done.
Begin: Running /scripts/init-bottom ... done.
[    9.908538] systemd[1]: systemd 229 running in system mode. (+PAM +AUDIT +SELINUX +IMA +APPARMOR +SMACK +SYSVINIT +UTMP +LIBCRYPTSETUP +GCRYPT +GNUTLS +ACL +XZ -LZ4 +SECCOMP +BLKID +ELFUTILS +KMOD -IDN)
[    9.911834] systemd[1]: Detected virtualization oracle.
[    9.912939] systemd[1]: Detected architecture x86-64.

Welcome to [1mUbuntu 16.04.7 LTS[0m!

[    9.916085] systemd[1]: Set hostname to <ubuntu-xenial>.
[   10.779266] systemd[1]: Started Forward Password Requests to Wall Directory Watch.
[[0;32m  OK  [0m] Started Forward Password Requests to Wall Directory Watch.
[   10.781645] systemd[1]: Listening on /dev/initctl Compatibility Named Pipe.
[[0;32m  OK  [0m] Listening on /dev/initctl Compatibility Named Pipe.
[   10.783695] systemd[1]: Reached target Encrypted Volumes.
[[0;32m  OK  [0m] Reached target Encrypted Volumes.
[   10.785499] systemd[1]: Listening on Device-mapper event daemon FIFOs.
[[0;32m  OK  [0m] Listening on Device-mapper event daemon FIFOs.
[   10.787439] systemd[1]: Reached target System Time Synchronized.
[[0;32m  OK  [0m] Reached target System Time Synchronized.
[   10.789516] systemd[1]: Listening on Journal Socket.
[[0;32m  OK  [0m] Listening on Journal Socket.
[   10.791382] systemd[1]: Created slice System Slice.
[[0;32m  OK  [0m] Created slice System Slice.
[   10.793260] systemd[1]: Created slice system-serial\x2dgetty.slice.
[[0;32m  OK  [0m] Created slice system-serial\x2dgetty.slice.
[   10.804854] systemd[1]: Starting Nameserver information manager...
         Starting Nameserver information manager...
[   10.807737] systemd[1]: Starting Set console keymap...
         Starting Set console keymap...
[   10.809454] systemd[1]: Listening on udev Control Socket.
[[0;32m  OK  [0m] Listening on udev Control Socket.
[   10.811293] systemd[1]: Reached target User and Group Name Lookups.
[[0;32m  OK  [0m] Reached target User and Group Name Lookups.
[   10.813569] systemd[1]: Listening on fsck to fsckd communication Socket.
[[0;32m  OK  [0m] Listening on fsck to fsckd communication Socket.
[   10.821248] systemd[1]: Starting File System Check on Root Device...
         Starting File System Check on Root Device...
[   10.824536] systemd[1]: Starting Load Kernel Modules...
         Starting Load Kernel Modules...
[   10.826507] systemd[1]: Starting Create list of required static device nodes for the current kernel...
         Starting Create list of required st... nodes for the current kernel...

   10.829087] systemd[1]: Listening on LVM2 metadata daemon socket.
[[0;32m  OK  [0m] Listening on LVM2 metadata daemon socket.
[   10.832213] systemd[1]: Starting Monitoring of LVM2 mirrors, snapshots etc. using dmeventd or progress polling...
         Starting Monitoring of LVM2 mirrors... dmeventd or progress polling...
[   10.836652] systemd[1]: Mounting Debug File System...
         Mounting Debug File System...
[   10.839491] systemd[1]: Created slice User and Session Slice.
[[0;32m  OK  [0m] Created slice User and Session Slice.
[   10.842023] systemd[1]: Listening on udev Kernel Socket.
[[0;32m  OK  [0m] Listening on udev Kernel Socket.
[   10.844377] systemd[1]: Reached target Slices.
[   10.845601] Loading iSCSI transport class v2.0-870.
[[0;32m  OK  [0m] Reached target Slices.
[   10.847541] systemd[1]: Listening on Journal Socket (/dev/log).
[[0;32m  OK  [0m] Listening on Journal Socket (/dev/log).
[   10.849817] systemd[1]: Set up automount Arbitrary Executable File Formats File System Automount Point.
[[0;32m  OK  [0m] Set up automount Arbitrary Executab...ats File System Automount Point.
[   10.854953] systemd[1]: Listening on Journal Audit Socket.
[[0;32m  OK  [0m] Listening on Journal Audit Socket.
[   10.856823] systemd[1]: Started Trigger resolvconf update for networkd DNS.
[   10.858366] iscsi: registered transport (tcp)
[[0;32m  OK  [0m] Started Trigger resolvconf update for networkd DNS.
[   10.860269] systemd[1]: Starting Uncomplicated firewall...
         Starting Uncomplicated firewall...
[   10.862054] systemd[1]: Listening on LVM2 poll daemon socket.
[[0;32m  OK  [0m] Listening on LVM2 poll daemon socket.
[   10.864327] systemd[1]: Mounting POSIX Message Queue File System...
         Mounting POSIX Message Queue File System...
[   10.867655] systemd[1]: Mounting Huge Pages File System...
         Mounting Huge Pages File System...
[   10.871835] systemd[1]: Reached target Swap.
[[0;32m  OK  [0m] Reached target Swap.
[   10.874320] systemd[1]: Listening on Syslog Socket.
[[0;32m  OK  [0m] Listening on Syslog Socket.
[   10.876577] systemd[1]: Starting Journal Service...
         Starting Journal Service...
[   10.880278] systemd[1]: Mounted Huge Pages File System.
[[0;32m  OK  [0m] Mounted Huge Pages File System.
[   10.882216] systemd[1]: Mounted POSIX Message Queue File System.
[[0;32m  OK  [0m] Mounted POSIX Message Queue File System.
[   10.884923] systemd[1]: Mounted Debug File System.
[[0;32m  OK  [0m] Mounted Debug File System.
[   10.893535] systemd[1]: Started File System Check on Root Device.
[[0;32m  OK  [0m] Started File System Check on Root Device.
[   10.897198] iscsi: registered transport (iser)
[   10.897199] systemd[1]: Started Create list of required static device nodes for the current kernel.
[[0;32m  OK  [0m] Started Create list of required sta...ce nodes for the current kernel.
[   10.901694] systemd[1]: Started Set console keymap.
[[0;32m  OK  [0m] Started Set console keymap.
[   10.905087] systemd[1]: Started Load Kernel Modules.
[[0;32m  OK  [0m] Started Load Kernel Modules.
[   10.909394] systemd[1]: Started Uncomplicated firewall.
[[0;32m  OK  [0m] Started Uncomplicated firewall.
[   10.920877] systemd[1]: Started Nameserver information manager.
[[0;32m  OK  [0m] Started Nameserver information manager.
[   10.922868] random: nonblocking pool is initialized
[   10.923909] systemd[1]: Started Journal Service.
[[0;32m  OK  [0m] Started Journal Service.
[[0;32m  OK  [0m] Started File System Check Daemon to report status.
[[0;32m  OK  [0m] Started LVM2 metadata daemon.
         Mounting FUSE Control File System...
         Starting Apply Kernel Variables...
         Starting Create Static Device Nodes in /dev...
         Starting Remount Root and Kernel File Systems...
[[0;32m  OK  [0m] Mounted FUSE Control File System.
[   10.938678] EXT4-fs (sda1): re-mounted. Opts: (null)
[[0;32m  OK  [0m] Started Remount Root and Kernel File Systems.
[[0;32m  OK  [0m] Started Apply Kernel Variables.
         Starting udev Coldplug all Devices...
         Starting Load/Save Random Seed...
         Starting Flush Journal to Persistent Storage...
[[0;32m  OK  [0m] Started Create Static Device Nodes in /dev.
[[0;32m  OK  [0m] Started Load/Save Random Seed.
         Starting udev Kernel Device Manager...
[[0;32m  OK  [0m] Started Flush Journal to Persistent Storage.
[[0;32m  OK  [0m] Started udev Coldplug all Devices.
[[0;32m  OK  [0m] Started udev Kernel Device Manager.
[[0;32m  OK  [0m] Started Dispatch Password Requests to Console Directory Watch.
[[0;32m  OK  [0m] Found device /dev/ttyS0.
[[0;32m  OK  [0m] Listening on Load/Save RF Kill Switch Status /dev/rfkill Watch.
[[0;32m  OK  [0m] Found device 82540EM Gigabit Ethern...r (PRO/1000 MT Desktop Adapter).
[[0;32m  OK  [0m] Found device 82540EM Gigabit Ethern...r (PRO/1000 MT Desktop Adapter).
[[0;32m  OK  [0m] Started Monitoring of LVM2 mirrors,...ng dmeventd or progress polling.
[[0;32m  OK  [0m] Reached target Local File Systems (Pre).
[[0;32m  OK  [0m] Reached target Local File Systems.
         Starting Initial cloud-init job (pre-networking)...
         Starting Tell Plymouth To Write Out Runtime Data...
         Starting Create Volatile Files and Directories...
         Starting Set console font and keymap...
         Starting LSB: AppArmor initialization...
[[0;32m  OK  [0m] Started Tell Plymouth To Write Out Runtime Data.
[[0;32m  OK  [0m] Started Create Volatile Files and Directories.
         Starting Update UTMP about System Boot/Shutdown...
[[0;32m  OK  [0m] Started Update UTMP about System Boot/Shutdown.
[[0;32m  OK  [0m] Started LSB: AppArmor initialization.
         Starting Load AppArmor profiles managed internally by snapd...
[[0;32m  OK  [0m] Started Load AppArmor profiles managed internally by snapd.
[[0;32m  OK  [0m] Started Set console font and keymap.
[[0;32m  OK  [0m] Created slice system-getty.slice.
[   12.081186] cloud-init[634]: Cloud-init v. 21.1-19-gbad84ad4-0ubuntu1~16.04.2 running 'init-local' at Tue, 30 Nov 2021 11:58:41 +0000. Up 11.85 seconds.
[[0;32m  OK  [0m] Started Initial cloud-init job (pre-networking).
[[0;32m  OK  [0m] Reached target Network (Pre).
         Starting Raise network interfaces...
[[0;32m  OK  [0m] Started ifup for enp0s3.
[[0;32m  OK  [0m] Started ifup for enp0s8.
[[0;32m  OK  [0m] Started Raise network interfaces.
         Starting Initial cloud-init job (metadata service crawler)...
[[0;32m  OK  [0m] Reached target Network.
[   12.837753] cloud-init[1081]: Cloud-init v. 21.1-19-gbad84ad4-0ubuntu1~16.04.2 running 'init' at Tue, 30 Nov 2021 11:58:42 +0000. Up 12.59 seconds.
[   12.839190] cloud-init[1081]: ci-info: ++++++++++++++++++++++++++++++++++++++Net device info+++++++++++++++++++++++++++++++++++++++
[   12.840665] cloud-init[1081]: ci-info: +--------+------+-----------------------------+---------------+--------+-------------------+
[   12.841725] cloud-init[1081]: ci-info: | Device |  Up  |           Address           |      Mask     | Scope  |     Hw-Address    |
[   12.843286] cloud-init[1081]: ci-info: +--------+------+-----------------------------+---------------+--------+-------------------+
[   12.844505] cloud-init[1081]: ci-info: | enp0s3 | True |          10.0.2.15          | 255.255.255.0 | global | 02:be:82:6b:cc:1d |
[   12.845721] cloud-init[1081]: ci-info: | enp0s3 | True |  fe80::be:82ff:fe6b:cc1d/64 |       .       |  link  | 02:be:82:6b:cc:1d |
[   12.852261] cloud-init[1081]: ci-info: | enp0s8 | True |        192.168.10.100       | 255.255.255.0 | global | 08:00:27:0b:47:3e |
[   12.853427] cloud-init[1081]: ci-info: | enp0s8 | True | fe80::a00:27ff:fe0b:473e/64 |       .       |  link  | 08:00:27:0b:47:3e |
[   12.854566] cloud-init[1081]: ci-info: |   lo   | True |          127.0.0.1          |   255.0.0.0   |  host  |         .         |
[   12.855839] cloud-init[1081]: ci-info: |   lo   | True |           ::1/128           |       .       |  host  |         .         |
[   12.857087] cloud-init[1081]: ci-info: +--------+------+-----------------------------+---------------+--------+-------------------+
[   12.858331] cloud-init[1081]: ci-info: ++++++++++++++++++++++++++++Route IPv4 info++++++++++++++++++++++++++++
[   12.864267] cloud-init[1081]: ci-info: +-------+--------------+----------+---------------+-----------+-------+
[   12.872286] cloud-init[1081]: ci-info: | Route | Destination  | Gateway  |    Genmask    | Interface | Flags |
[   12.880354] cloud-init[1081]: ci-info: +-------+--------------+----------+---------------+-----------+-------+
[   12.881440] cloud-init[1081]: ci-info: |   0   |   0.0.0.0    | 10.0.2.2 |    0.0.0.0    |   enp0s3  |   UG  |
[   12.888409] cloud-init[1081]: ci-info: |   1   |   10.0.2.0   | 0.0.0.0  | 255.255.255.0 |   enp0s3  |   U   |
[   12.896358] cloud-init[1081]: ci-info: |   2   | 192.168.10.0 | 0.0.0.0  | 255.255.255.0 |   enp0s8  |   U   |
[   12.904228] cloud-init[1081]: ci-info: +-------+--------------+----------+---------------+-----------+-------+
[   12.904412] cloud-init[1081]: ci-info: +++++++++++++++++++Route IPv6 info+++++++++++++++++++
[   12.904735] cloud-init[1081]: ci-info: +-------+-------------+---------+-----------+-------+
[   12.905232] cloud-init[1081]: ci-info: | Route | Destination | Gateway | Interface | Flags |
[   12.905321] cloud-init[1081]: ci-info: +-------+-------------+---------+-----------+-------+
[   12.905638] cloud-init[1081]: ci-info: |   0   |  fe80::/64  |    ::   |   enp0s8  |   U   |
[   12.905749] cloud-init[1081]: ci-info: |   1   |  fe80::/64  |    ::   |   enp0s3  |   U   |
[   12.905972] cloud-init[1081]: ci-info: |   4   |   ff00::/8  |    ::   |   enp0s8  |   U   |
[   12.906080] cloud-init[1081]: ci-info: |   5   |   ff00::/8  |    ::   |   enp0s3  |   U   |
[   12.906192] cloud-init[1081]: ci-info: +-------+-------------+---------+-----------+-------+
[[0;32m  OK  [0m] Started Initial cloud-init job (metadata service crawler).
[[0;32m  OK  [0m] Reached target Cloud-config availability.
[[0;32m  OK  [0m] Reached target Network is Online.
         Starting iSCSI initiator daemon (iscsid)...
[[0;32m  OK  [0m] Reached target System Initialization.
[[0;32m  OK  [0m] Listening on UUID daemon activation socket.
[[0;32m  OK  [0m] Listening on ACPID Listen Socket.
[[0;32m  OK  [0m] Listening on D-Bus System Message Bus Socket.
         Starting Socket activation for snappy daemon.
[[0;32m  OK  [0m] Started Ubuntu Advantage Timer for running repeated jobs.
[[0;32m  OK  [0m] Started Trigger to poll for Ubuntu ...nly enabled on GCP LTS non-pro).
[[0;32m  OK  [0m] Started Message of the Day.
[[0;32m  OK  [0m] Started Daily Cleanup of Temporary Directories.
         Starting LXD - unix socket.
[[0;32m  OK  [0m] Started Daily apt download activities.
[[0;32m  OK  [0m] Started Daily apt upgrade and clean activities.
[[0;32m  OK  [0m] Reached target Timers.
[[0;32m  OK  [0m] Started ACPI Events Check.
[[0;32m  OK  [0m] Reached target Paths.
[[0;32m  OK  [0m] Listening on Socket activation for snappy daemon.
[[0;32m  OK  [0m] Listening on LXD - unix socket.
[[0;32m  OK  [0m] Reached target Sockets.
[[0;32m  OK  [0m] Reached target Basic System.
[[0;32m  OK  [0m] Started Regular background program processing daemon.
         Starting System Logging Service...
         Starting Virtualbox guest utils...
[[0;32m  OK  [0m] Started ACPI event daemon.
         Starting LSB: MD monitoring daemon...
         Starting /etc/rc.local Compatibility...
         Starting LXD - container startup/shutdown...
[[0;32m  OK  [0m] Started Deferred execution scheduler.
         Starting Accounts Service...
         Starting A high performance web server and a reverse proxy server...
[[0;32m  OK  [0m] Started FUSE filesystem for LXC.
[[0;32m  OK  [0m] Started D-Bus System Message Bus.
         Starting LSB: Record successful boot for GRUB...
         Starting OpenBSD Secure Shell server...
         Starting Login Service...
         Starting Snap Daemon...
[[0;32m  OK  [0m] Started System Logging Service.
[[0;32m  OK  [0m] Started iSCSI initiator daemon (iscsid).
[[0;32m  OK  [0m] Started /etc/rc.local Compatibility.
         Starting Authenticate and Authorize Users to Run Privileged Tasks...
         Starting Login to default iSCSI targets...
[[0;32m  OK  [0m] Started LSB: MD monitoring daemon.
[[0;32m  OK  [0m] Started Login Service.
[[0;32m  OK  [0m] Started Unattended Upgrades Shutdown.
[[0;32m  OK  [0m] Started Login to default iSCSI targets.
[[0;32m  OK  [0m] Reached target Remote File Systems (Pre).
         Mounting /home/vagrant/app...
         Mounting /vagrant...
[[0;32m  OK  [0m] Started OpenBSD Secure Shell server.
[[0;32m  OK  [0m] Started LSB: Record successful boot for GRUB.
[[0;1;31mFAILED[0m] Failed to mount /home/vagrant/app.
See 'systemctl status home-vagrant-app.mount' for details.
[[0;1;33mDEPEND[0m] Dependency failed for Remote File Systems.
[[0;1;31mFAILED[0m] Failed to mount /vagrant.
See 'systemctl status vagrant.mount' for details.
         Starting LSB: automatic crash report generation...
         Starting LSB: Set the CPU Frequency Scaling governor to "ondemand"...
         Starting Permit User Sessions...
         Starting LSB: daemon to balance interrupts for SMP systems...
[[0;32m  OK  [0m] Started Authenticate and Authorize Users to Run Privileged Tasks.
[[0;32m  OK  [0m] Started Permit User Sessions.
[[0;32m  OK  [0m] Started Accounts Service.
         Starting Hold until boot process finishes up...
         Starting Terminate Plymouth Boot Screen...
[[0;32m  OK  [0m] Started LXD - container startup/shutdown.
[[0;32m  OK  [0m] Started LSB: Set the CPU Frequency Scaling governor to "ondemand".
[[0;32m  OK  [0m] Started Virtualbox guest utils.
[[0;32m  OK  [0m] Started LSB: daemon to balance interrupts for SMP systems.
[[0;32m  OK  [0m] Started A high performance web server and a reverse proxy server.
[[0;32m  OK  [0m] Started Hold until boot process finishes up.
[[0;32m  OK  [0m] Started Terminate Plymouth Boot Screen.
[[0;32m  OK  [0m] Started Getty on tty1.
[[0;32m  OK  [0m] Started Serial Getty on ttyS0.
[[0;32m  OK  [0m] Reached target Login Prompts.
         Starting Set console scheme...
[[0;32m  OK  [0m] Started LSB: automatic crash report generation.
[[0;32m  OK  [0m] Started Set console scheme.
[[0;32m  OK  [0m] Started Snap Daemon.
         Starting Wait until snapd is fully seeded...
[[0;32m  OK  [0m] Started Wait until snapd is fully seeded.
         Starting Apply the settings specified in cloud-config...
[[0;32m  OK  [0m] Reached target Multi-User System.
[[0;32m  OK  [0m] Reached target Graphical Interface.
         Starting Update UTMP about System Runlevel Changes...
[[0;32m  OK  [0m] Started Update UTMP about System Runlevel Changes.
[   13.703373] cloud-init[1346]: Cloud-init v. 21.1-19-gbad84ad4-0ubuntu1~16.04.2 running 'modules:config' at Tue, 30 Nov 2021 11:58:43 +0000. Up 13.60 seconds.
[[0;32m  OK  [0m] Started Apply the settings specified in cloud-config.
         Starting Execute cloud user/final scripts...
[   14.159211] cloud-init[1358]: Cloud-init v. 21.1-19-gbad84ad4-0ubuntu1~16.04.2 running 'modules:final' at Tue, 30 Nov 2021 11:58:43 +0000. Up 14.05 seconds.
[   14.160652] cloud-init[1358]: Cloud-init v. 21.1-19-gbad84ad4-0ubuntu1~16.04.2 finished at Tue, 30 Nov 2021 11:58:44 +0000. Datasource DataSourceNoCloud [seed=/dev/sdb][dsmode=net].  Up 14.15 seconds
[[0;32m  OK  [0m] Started Execute cloud user/final scripts.
[[0;32m  OK  [0m] Reached target Cloud-init target.

Ubuntu 16.04.7 LTS ubuntu-xenial ttyS0

ubuntu-xenial login: 