[    0.000000] Initializing cgroup subsys cpuset
[    0.000000] Initializing cgroup subsys cpu
[    0.000000] Initializing cgroup subsys cpuacct
[    0.000000] Linux version 4.4.0-210-generic (buildd@lgw01-amd64-009) (gcc version 5.4.0 20160609 (Ubuntu 5.4.0-6ubuntu1~16.04.12) ) #242-Ubuntu SMP Fri Apr 16 09:57:56 UTC 2021 (Ubuntu 4.4.0-210.242-generic 4.4.262)
[    0.000000] Command line: BOOT_IMAGE=/boot/vmlinuz-4.4.0-210-generic root=LABEL=cloudimg-rootfs ro console=tty1 console=ttyS0
[    0.000000] KERNEL supported cpus:
[    0.000000]   Intel GenuineIntel
[    0.000000]   AMD AuthenticAMD
[    0.000000]   Centaur CentaurHauls
[    0.000000] x86/fpu: xstate_offset[2]:  576, xstate_sizes[2]:  256
[    0.000000] x86/fpu: Supporting XSAVE feature 0x01: 'x87 floating point registers'
[    0.000000] x86/fpu: Supporting XSAVE feature 0x02: 'SSE registers'
[    0.000000] x86/fpu: Supporting XSAVE feature 0x04: 'AVX registers'
[    0.000000] x86/fpu: Enabled xstate features 0x7, context size is 832 bytes, using 'standard' format.
[    0.000000] e820: BIOS-provided physical RAM map:
[    0.000000] BIOS-e820: [mem 0x0000000000000000-0x000000000009fbff] usable
[    0.000000] BIOS-e820: [mem 0x000000000009fc00-0x000000000009ffff] reserved
[    0.000000] BIOS-e820: [mem 0x00000000000f0000-0x00000000000fffff] reserved
[    0.000000] BIOS-e820: [mem 0x0000000000100000-0x000000003ffeffff] usable
[    0.000000] BIOS-e820: [mem 0x000000003fff0000-0x000000003fffffff] ACPI data
[    0.000000] BIOS-e820: [mem 0x00000000fec00000-0x00000000fec00fff] reserved
[    0.000000] BIOS-e820: [mem 0x00000000fee00000-0x00000000fee00fff] reserved
[    0.000000] BIOS-e820: [mem 0x00000000fffc0000-0x00000000ffffffff] reserved
[    0.000000] NX (Execute Disable) protection: active
[    0.000000] SMBIOS 2.5 present.
[    0.000000] Hypervisor detected: KVM
[    0.000000] e820: last_pfn = 0x3fff0 max_arch_pfn = 0x400000000
[    0.000000] MTRR: Disabled
[    0.000000] x86/PAT: MTRRs disabled, skipping PAT initialization too.
[    0.000000] CPU MTRRs all blank - virtualized system.
[    0.000000] x86/PAT: Configuration [0-7]: WB  WT  UC- UC  WB  WT  UC- UC  
[    0.000000] found SMP MP-table at [mem 0x0009fff0-0x0009ffff] mapped at [ffff88000009fff0]
[    0.000000] Scanning 1 areas for low memory corruption
[    0.000000] RAMDISK: [mem 0x362dc000-0x37165fff]
[    0.000000] ACPI: Early table checksum verification disabled
[    0.000000] ACPI: RSDP 0x00000000000E0000 000024 (v02 VBOX  )
[    0.000000] ACPI: XSDT 0x000000003FFF0030 00003C (v01 VBOX   VBOXXSDT 00000001 ASL  00000061)
[    0.000000] ACPI: FACP 0x000000003FFF00F0 0000F4 (v04 VBOX   VBOXFACP 00000001 ASL  00000061)
[    0.000000] ACPI: DSDT 0x000000003FFF0470 002325 (v02 VBOX   VBOXBIOS 00000002 INTL 20100528)
[    0.000000] ACPI: FACS 0x000000003FFF0200 000040
[    0.000000] ACPI: FACS 0x000000003FFF0200 000040
[    0.000000] ACPI: APIC 0x000000003FFF0240 00005C (v02 VBOX   VBOXAPIC 00000001 ASL  00000061)
[    0.000000] ACPI: SSDT 0x000000003FFF02A0 0001CC (v01 VBOX   VBOXCPUT 00000002 INTL 20100528)
[    0.000000] No NUMA configuration found
[    0.000000] Faking a node at [mem 0x0000000000000000-0x000000003ffeffff]
[    0.000000] NODE_DATA(0) allocated [mem 0x3ffeb000-0x3ffeffff]
[    0.000000] kvm-clock: Using msrs 4b564d01 and 4b564d00
[    0.000000] kvm-clock: cpu 0, msr 0:3ffe3001, primary cpu clock
[    0.000000] kvm-clock: using sched offset of 3205268022 cycles
[    0.000000] clocksource: kvm-clock: mask: 0xffffffffffffffff max_cycles: 0x1cd42e4dffb, max_idle_ns: 881590591483 ns
[    0.000000] Zone ranges:
[    0.000000]   DMA      [mem 0x0000000000001000-0x0000000000ffffff]
[    0.000000]   DMA32    [mem 0x0000000001000000-0x000000003ffeffff]
[    0.000000]   Normal   empty
[    0.000000]   Device   empty
[    0.000000] Movable zone start for each node
[    0.000000] Early memory node ranges
[    0.000000]   node   0: [mem 0x0000000000001000-0x000000000009efff]
[    0.000000]   node   0: [mem 0x0000000000100000-0x000000003ffeffff]
[    0.000000] Initmem setup node 0 [mem 0x0000000000001000-0x000000003ffeffff]
[    0.000000] ACPI: PM-Timer IO Port: 0x4008
[    0.000000] IOAPIC[0]: apic_id 2, version 32, address 0xfec00000, GSI 0-23
[    0.000000] ACPI: INT_SRC_OVR (bus 0 bus_irq 0 global_irq 2 dfl dfl)
[    0.000000] ACPI: INT_SRC_OVR (bus 0 bus_irq 9 global_irq 9 low level)
[    0.000000] Using ACPI (MADT) for SMP configuration information
[    0.000000] smpboot: Allowing 2 CPUs, 0 hotplug CPUs
[    0.000000] PM: Registered nosave memory: [mem 0x00000000-0x00000fff]
[    0.000000] PM: Registered nosave memory: [mem 0x0009f000-0x0009ffff]
[    0.000000] PM: Registered nosave memory: [mem 0x000a0000-0x000effff]
[    0.000000] PM: Registered nosave memory: [mem 0x000f0000-0x000fffff]
[    0.000000] e820: [mem 0x40000000-0xfebfffff] available for PCI devices
[    0.000000] Booting paravirtualized kernel on KVM
[    0.000000] clocksource: refined-jiffies: mask: 0xffffffff max_cycles: 0xffffffff, max_idle_ns: 7645519600211568 ns
[    0.000000] setup_percpu: NR_CPUS:512 nr_cpumask_bits:512 nr_cpu_ids:2 nr_node_ids:1
[    0.000000] PERCPU: Embedded 33 pages/cpu @ffff88003fc00000 s95192 r8192 d31784 u1048576
[    0.000000] Built 1 zonelists in Node order, mobility grouping on.  Total pages: 257912
[    0.000000] Policy zone: DMA32
[    0.000000] Kernel command line: BOOT_IMAGE=/boot/vmlinuz-4.4.0-210-generic root=LABEL=cloudimg-rootfs ro console=tty1 console=ttyS0
[    0.000000] PID hash table entries: 4096 (order: 3, 32768 bytes)
[    0.000000] Memory: 997792K/1048120K available (8644K kernel code, 1332K rwdata, 4044K rodata, 1492K init, 1164K bss, 50328K reserved, 0K cma-reserved)
[    0.000000] SLUB: HWalign=64, Order=0-3, MinObjects=0, CPUs=2, Nodes=1
[    0.000000] Kernel/User page tables isolation: enabled
[    0.000000] Hierarchical RCU implementation.
[    0.000000] 	Build-time adjustment of leaf fanout to 64.
[    0.000000] 	RCU restricting CPUs from NR_CPUS=512 to nr_cpu_ids=2.
[    0.000000] RCU: Adjusting geometry for rcu_fanout_leaf=64, nr_cpu_ids=2
[    0.000000] NR_IRQS:33024 nr_irqs:440 16
[    0.000000] Console: colour VGA+ 80x25
[    0.000000] console [tty1] enabled
[    0.000000] console [ttyS0] enabled
[    0.000000] tsc: Detected 3504.000 MHz processor
[    0.131174] Calibrating delay loop (skipped) preset value.. 7008.00 BogoMIPS (lpj=14016000)
[    0.132775] pid_max: default: 32768 minimum: 301
[    0.133624] ACPI: Core revision 20150930
[    0.136030] ACPI: 2 ACPI AML tables successfully acquired and loaded
[    0.137280] Security Framework initialized
[    0.138070] Yama: becoming mindful.
[    0.138815] AppArmor: AppArmor initialized
[    0.139675] Dentry cache hash table entries: 131072 (order: 8, 1048576 bytes)
[    0.141212] Inode-cache hash table entries: 65536 (order: 7, 524288 bytes)
[    0.142477] Mount-cache hash table entries: 2048 (order: 2, 16384 bytes)
[    0.143776] Mountpoint-cache hash table entries: 2048 (order: 2, 16384 bytes)
[    0.145186] Initializing cgroup subsys io
[    0.146004] Initializing cgroup subsys memory
[    0.146839] Initializing cgroup subsys devices
[    0.147824] Initializing cgroup subsys freezer
[    0.148713] Initializing cgroup subsys net_cls
[    0.149543] Initializing cgroup subsys perf_event
[    0.150403] Initializing cgroup subsys net_prio
[    0.151286] Initializing cgroup subsys hugetlb
[    0.152130] Initializing cgroup subsys pids
[    0.154223] mce: CPU supports 0 MCE banks
[    0.155025] Last level iTLB entries: 4KB 64, 2MB 8, 4MB 8
[    0.156095] Last level dTLB entries: 4KB 64, 2MB 0, 4MB 0, 1GB 4
[    0.157201] Spectre V1 : Mitigation: usercopy/swapgs barriers and __user pointer sanitization
[    0.159032] Spectre V2 : Mitigation: Full generic retpoline
[    0.160048] Spectre V2 : Spectre v2 / SpectreRSB mitigation: Filling RSB on context switch
[    0.161600] Speculative Store Bypass: Vulnerable
[    0.162522] MDS: Mitigation: Clear CPU buffers
[    0.165790] Freeing SMP alternatives memory: 36K
[    0.171993] ftrace: allocating 32380 entries in 127 pages
[    0.224219] smpboot: APIC(0) Converting physical 0 to logical package 0
[    0.225416] smpboot: Max logical packages: 1
[    0.226468] x2apic enabled
[    0.227331] Switched APIC routing to physical x2apic.
[    0.229350] ..TIMER: vector=0x30 apic1=0 pin1=2 apic2=-1 pin2=-1
[    0.338536] smpboot: CPU0: Intel(R) Core(TM) i9-9900X CPU @ 3.50GHz (family: 0x6, model: 0x55, stepping: 0x4)
[    0.340661] Performance Events: unsupported p6 CPU model 85 no PMU driver, software events only.
[    0.349637] KVM setup paravirtual spinlock
[    0.351349] x86: Booting SMP configuration:
[    0.352201] .... node  #0, CPUs:      #1
[    0.353055] kvm-clock: cpu 1, msr 0:3ffe3041, secondary cpu clock
[    0.354977] mce: CPU supports 0 MCE banks
[    0.357468] x86: Booted up 1 node, 2 CPUs
[    0.358475] smpboot: Total of 2 processors activated (14016.00 BogoMIPS)
[    0.359983] devtmpfs: initialized
[    0.361945] evm: security.selinux
[    0.362648] evm: security.SMACK64
[    0.363421] evm: security.SMACK64EXEC
[    0.364168] evm: security.SMACK64TRANSMUTE
[    0.364958] evm: security.SMACK64MMAP
[    0.365760] evm: security.ima
[    0.366413] evm: security.capability
[    0.367246] clocksource: jiffies: mask: 0xffffffff max_cycles: 0xffffffff, max_idle_ns: 7645041785100000 ns
[    0.368995] futex hash table entries: 512 (order: 3, 32768 bytes)
[    0.370144] pinctrl core: initialized pinctrl subsystem
[    0.371271] RTC time:  9:38:17, date: 11/30/21
[    0.372235] NET: Registered protocol family 16
[    0.383458] cpuidle: using governor ladder
[    0.395234] cpuidle: using governor menu
[    0.396023] PCCT header not found.
[    0.396852] ACPI: bus type PCI registered
[    0.397658] acpiphp: ACPI Hot Plug PCI Controller Driver version: 0.5
[    0.398861] PCI: Using configuration type 1 for base access
[    0.412004] ACPI: Added _OSI(Module Device)
[    0.412837] ACPI: Added _OSI(Processor Device)
[    0.413706] ACPI: Added _OSI(3.0 _SCP Extensions)
[    0.414625] ACPI: Added _OSI(Processor Aggregator Device)
[    0.416180] ACPI: Executed 1 blocks of module-level executable AML code
[    0.419262] ACPI: Interpreter enabled
[    0.420018] ACPI: (supports S0 S5)
[    0.420743] ACPI: Using IOAPIC for interrupt routing
[    0.421775] PCI: Using host bridge windows from ACPI; if necessary, use "pci=nocrs" and report a bug
[    0.426537] ACPI: PCI Root Bridge [PCI0] (domain 0000 [bus 00-ff])
[    0.427628] acpi PNP0A03:00: _OSC: OS supports [ASPM ClockPM Segments MSI]
[    0.429053] acpi PNP0A03:00: _OSC: not requesting OS control; OS requires [ExtendedConfig ASPM ClockPM MSI]
[    0.430824] acpi PNP0A03:00: fail to add MMCONFIG information, can't access extended PCI configuration space under this bridge.
[    0.433046] PCI host bridge to bus 0000:00
[    0.433836] pci_bus 0000:00: root bus resource [io  0x0000-0x0cf7 window]
[    0.435033] pci_bus 0000:00: root bus resource [io  0x0d00-0xffff window]
[    0.436177] pci_bus 0000:00: root bus resource [mem 0x000a0000-0x000bffff window]
[    0.437620] pci_bus 0000:00: root bus resource [mem 0x40000000-0xfdffffff window]
[    0.439094] pci_bus 0000:00: root bus resource [bus 00-ff]
[    0.441567] pci 0000:00:01.1: legacy IDE quirk: reg 0x10: [io  0x01f0-0x01f7]
[    0.442777] pci 0000:00:01.1: legacy IDE quirk: reg 0x14: [io  0x03f6]
[    0.443904] pci 0000:00:01.1: legacy IDE quirk: reg 0x18: [io  0x0170-0x0177]
[    0.445128] pci 0000:00:01.1: legacy IDE quirk: reg 0x1c: [io  0x0376]
[    0.465368] pci 0000:00:07.0: quirk: [io  0x4000-0x403f] claimed by PIIX4 ACPI
[    0.466844] pci 0000:00:07.0: quirk: [io  0x4100-0x410f] claimed by PIIX4 SMB
[    0.473224] ACPI: PCI Interrupt Link [LNKA] (IRQs 5 9 10 *11)
[    0.474806] ACPI: PCI Interrupt Link [LNKB] (IRQs 5 9 *10 11)
[    0.476227] ACPI: PCI Interrupt Link [LNKC] (IRQs 5 *9 10 11)
[    0.477800] ACPI: PCI Interrupt Link [LNKD] (IRQs 5 9 10 *11)
[    0.479281] ACPI: Enabled 2 GPEs in block 00 to 07
[    0.480448] vgaarb: setting as boot device: PCI:0000:00:02.0
[    0.481484] vgaarb: device added: PCI:0000:00:02.0,decodes=io+mem,owns=io+mem,locks=none
[    0.483026] vgaarb: loaded
[    0.483671] vgaarb: bridge control possible 0000:00:02.0
[    0.484788] SCSI subsystem initialized
[    0.485636] ACPI: bus type USB registered
[    0.486436] usbcore: registered new interface driver usbfs
[    0.487446] usbcore: registered new interface driver hub
[    0.488452] usbcore: registered new device driver usb
[    0.489826] PCI: Using ACPI for IRQ routing
[    0.490908] NetLabel: Initializing
[    0.491629] NetLabel:  domain hash size = 128
[    0.492453] NetLabel:  protocols = UNLABELED CIPSOv4
[    0.493371] NetLabel:  unlabeled traffic allowed by default
[    0.494504] amd_nb: Cannot enumerate AMD northbridges
[    0.495462] clocksource: Switched to clocksource kvm-clock
[    0.501407] AppArmor: AppArmor Filesystem Enabled
[    0.502380] pnp: PnP ACPI init
[    0.503691] pnp: PnP ACPI: found 3 devices
[    0.511647] clocksource: acpi_pm: mask: 0xffffff max_cycles: 0xffffff, max_idle_ns: 2085701024 ns
[    0.513379] NET: Registered protocol family 2
[    0.514340] TCP established hash table entries: 8192 (order: 4, 65536 bytes)
[    0.515534] TCP bind hash table entries: 8192 (order: 5, 131072 bytes)
[    0.516665] TCP: Hash tables configured (established 8192 bind 8192)
[    0.517762] UDP hash table entries: 512 (order: 2, 16384 bytes)
[    0.518801] UDP-Lite hash table entries: 512 (order: 2, 16384 bytes)
[    0.519970] NET: Registered protocol family 1
[    0.520863] pci 0000:00:00.0: Limiting direct PCI/PCI transfers
[    0.521977] pci 0000:00:01.0: Activating ISA DMA hang workarounds
[    0.523307] Unpacking initramfs...
[    0.659188] Freeing initrd memory: 14888K
[    0.660453] clocksource: tsc: mask: 0xffffffffffffffff max_cycles: 0x3282142a9b0, max_idle_ns: 440795384778 ns
[    0.662329] platform rtc_cmos: registered platform RTC device (no PNP device found)
[    0.664097] Scanning for low memory corruption every 60 seconds
[    0.665527] audit: initializing netlink subsys (disabled)
[    0.666543] audit: type=2000 audit(1638265102.826:1): initialized
[    0.667956] Initialise system trusted keyring
[    0.669024] HugeTLB registered 2 MB page size, pre-allocated 0 pages
[    0.671095] zbud: loaded
[    0.671996] VFS: Disk quotas dquot_6.6.0
[    0.672934] VFS: Dquot-cache hash table entries: 512 (order 0, 4096 bytes)
[    0.674261] squashfs: version 4.0 (2009/01/31) Phillip Lougher
[    0.675705] fuse init (API version 7.23)
[    0.676612] Key type big_key registered
[    0.677567] Allocating IMA MOK and blacklist keyrings.
[    0.679105] Key type asymmetric registered
[    0.680020] Asymmetric key parser 'x509' registered
[    0.680971] Block layer SCSI generic (bsg) driver version 0.4 loaded (major 249)
[    0.682487] io scheduler noop registered
[    0.683253] io scheduler deadline registered (default)
[    0.684340] io scheduler cfq registered
[    0.685286] pci_hotplug: PCI Hot Plug PCI Core version: 0.5
[    0.686406] pciehp: PCI Express Hot Plug Controller Driver version: 0.4
[    0.687855] ACPI: AC Adapter [AC] (on-line)
[    0.688904] input: Power Button as /devices/LNXSYSTM:00/LNXPWRBN:00/input/input0
[    0.690760] ACPI: Power Button [PWRF]
[    0.691907] input: Sleep Button as /devices/LNXSYSTM:00/LNXSLPBN:00/input/input1
[    0.693344] ACPI: Sleep Button [SLPF]
[    0.694326] GHES: HEST is not enabled!
[    0.695135] Serial: 8250/16550 driver, 32 ports, IRQ sharing enabled
[    0.716872] 00:02: ttyS0 at I/O 0x3f8 (irq = 4, base_baud = 115200) is a 16550A
[    0.719299] Linux agpgart interface v0.103
[    0.721250] loop: module loaded
[    0.722374] scsi host0: ata_piix
[    0.723124] scsi host1: ata_piix
[    0.723863] ata1: PATA max UDMA/33 cmd 0x1f0 ctl 0x3f6 bmdma 0xd000 irq 14
[    0.725090] ata2: PATA max UDMA/33 cmd 0x170 ctl 0x376 bmdma 0xd008 irq 15
[    0.726326] libphy: Fixed MDIO Bus: probed
[    0.727158] tun: Universal TUN/TAP device driver, 1.6
[    0.728100] tun: (C) 1999-2004 Max Krasnyansky <maxk@qualcomm.com>
[    0.729259] PPP generic driver version 2.4.2
[    0.730149] ehci_hcd: USB 2.0 'Enhanced' Host Controller (EHCI) Driver
[    0.731265] ehci-pci: EHCI PCI platform driver
[    0.732125] ehci-platform: EHCI generic platform driver
[    0.733122] ohci_hcd: USB 1.1 'Open' Host Controller (OHCI) Driver
[    0.734204] ohci-pci: OHCI PCI platform driver
[    0.735046] ohci-platform: OHCI generic platform driver
[    0.736038] uhci_hcd: USB Universal Host Controller Interface driver
[    0.737187] i8042: PNP: PS/2 Controller [PNP0303:PS2K,PNP0f03:PS2M] at 0x60,0x64 irq 1,12
[    0.739156] serio: i8042 KBD port at 0x60,0x64 irq 1
[    0.740239] serio: i8042 AUX port at 0x60,0x64 irq 12
[    0.741253] mousedev: PS/2 mouse device common for all mice
[    0.742725] input: AT Translated Set 2 keyboard as /devices/platform/i8042/serio0/input/input2
[    0.744503] rtc_cmos rtc_cmos: rtc core: registered rtc_cmos as rtc0
[    0.745699] rtc_cmos rtc_cmos: alarms up to one day, 114 bytes nvram
[    0.746810] i2c /dev entries driver
[    0.747569] device-mapper: uevent: version 1.0.3
[    0.748530] device-mapper: ioctl: 4.34.0-ioctl (2015-10-28) initialised: dm-devel@redhat.com
[    0.750121] ledtrig-cpu: registered to indicate activity on CPUs
[    0.751630] NET: Registered protocol family 10
[    0.752609] NET: Registered protocol family 17
[    0.753457] Key type dns_resolver registered
[    0.754524] registered taskstats version 1
[    0.755331] Loading compiled-in X.509 certificates
[    0.756679] Loaded X.509 cert 'Build time autogenerated kernel key: cf00e047681d67edb2720680708b7d9498083038'
[    0.758516] zswap: loaded using pool lzo/zbud
[    0.760689] Key type trusted registered
[    0.763513] Key type encrypted registered
[    0.764311] AppArmor: AppArmor sha1 policy hashing enabled
[    0.765284] ima: No TPM chip found, activating TPM-bypass!
[    0.766256] ima: Allocated hash algorithm: sha1
[    0.767173] evm: HMAC attrs: 0x1
[    0.768142]   Magic number: 13:819:627
[    0.769015] rtc_cmos rtc_cmos: setting system clock to 2021-11-30 09:38:17 UTC (1638265097)
[    0.770692] BIOS EDD facility v0.16 2004-Jun-25, 0 devices found
[    0.771911] EDD information not available.
[    0.941144] Freeing unused kernel memory: 1492K
[    0.942060] Write protecting the kernel read-only data: 14336k
[    0.943378] Freeing unused kernel memory: 1584K
[    0.944478] Freeing unused kernel memory: 52K
Loading, please wait...
starting version 229
[    0.954671] random: systemd-udevd: uninitialized urandom read (16 bytes read, 3 bits of entropy available)
[    0.955129] random: udevadm: uninitialized urandom read (16 bytes read, 3 bits of entropy available)
[    0.955143] random: udevadm: uninitialized urandom read (16 bytes read, 3 bits of entropy available)
[    0.960112] random: systemd-udevd: uninitialized urandom read (16 bytes read, 3 bits of entropy available)
[    0.961712] random: udevadm: uninitialized urandom read (16 bytes read, 3 bits of entropy available)
[    0.961743] random: udevadm: uninitialized urandom read (16 bytes read, 3 bits of entropy available)
[    0.961848] random: udevadm: uninitialized urandom read (16 bytes read, 3 bits of entropy available)
[    0.961884] random: udevadm: uninitialized urandom read (16 bytes read, 3 bits of entropy available)
[    0.961922] random: udevadm: uninitialized urandom read (16 bytes read, 3 bits of entropy available)
[    0.961958] random: udevadm: uninitialized urandom read (16 bytes read, 3 bits of entropy available)
[    0.998801] e1000: Intel(R) PRO/1000 Network Driver - version 7.3.21-k8-NAPI
[    1.000139] e1000: Copyright (c) 1999-2006 Intel Corporation.
[    1.001277] Fusion MPT base driver 3.04.20
[    1.002200] Copyright (c) 1999-2008 LSI Corporation
[    1.015304] Fusion MPT SPI Host driver 3.04.20
[    1.020971] AVX2 version of gcm_enc/dec engaged.
[    1.021897] AES CTR mode by8 optimization enabled
[    1.208634] input: ImExPS/2 Generic Explorer Mouse as /devices/platform/i8042/serio1/input/input4
[    1.367876] e1000 0000:00:03.0 eth0: (PCI:33MHz:32-bit) 02:be:82:6b:cc:1d
[    1.369343] e1000 0000:00:03.0 eth0: Intel(R) PRO/1000 Network Connection
[    1.740942] e1000 0000:00:08.0 eth1: (PCI:33MHz:32-bit) 08:00:27:a0:cf:30
[    1.742455] e1000 0000:00:08.0 eth1: Intel(R) PRO/1000 Network Connection
[    1.744758] e1000 0000:00:03.0 enp0s3: renamed from eth0
[    1.746305] mptbase: ioc0: Initiating bringup
[    1.760076] e1000 0000:00:08.0 enp0s8: renamed from eth1
[    1.808251] ioc0: LSI53C1030 A0: Capabilities={Initiator}
[    1.969094] scsi host2: ioc0: LSI53C1030 A0, FwRev=00000000h, Ports=1, MaxQ=256, IRQ=20
[    2.080161] scsi 2:0:0:0: Direct-Access     VBOX     HARDDISK         1.0  PQ: 0 ANSI: 5
[    2.081765] scsi target2:0:0: Beginning Domain Validation
[    2.083277] scsi target2:0:0: Domain Validation skipping write tests
[    2.084452] scsi target2:0:0: Ending Domain Validation
[    2.085449] scsi target2:0:0: asynchronous
[    2.086520] scsi 2:0:1:0: Direct-Access     VBOX     HARDDISK         1.0  PQ: 0 ANSI: 5
[    2.088218] scsi target2:0:1: Beginning Domain Validation
[    2.089772] scsi target2:0:1: Domain Validation skipping write tests
[    2.100952] scsi target2:0:1: Ending Domain Validation
[    2.101938] scsi target2:0:1: asynchronous
[    2.106106] sd 2:0:0:0: [sda] 83886080 512-byte logical blocks: (42.9 GB/40.0 GiB)
[    2.106283] sd 2:0:0:0: Attached scsi generic sg0 type 0
[    2.106681] sd 2:0:1:0: Attached scsi generic sg1 type 0
[    2.106720] sd 2:0:1:0: [sdb] 20480 512-byte logical blocks: (10.5 MB/10.0 MiB)
[    2.106890] sd 2:0:1:0: [sdb] Write Protect is off
[    2.106949] sd 2:0:1:0: [sdb] Incomplete mode parameter data
[    2.106950] sd 2:0:1:0: [sdb] Assuming drive cache: write through
[    2.108548] sd 2:0:1:0: [sdb] Attached SCSI disk
[    2.115524] sd 2:0:0:0: [sda] Write Protect is off
[    2.116541] sd 2:0:0:0: [sda] Incomplete mode parameter data
[    2.117587] sd 2:0:0:0: [sda] Assuming drive cache: write through
[    2.119731]  sda: sda1
[    2.120820] sd 2:0:0:0: [sda] Attached SCSI disk
Begin: Loading essential drivers ... [    3.478711] md: linear personality registered for level -1
[    3.481638] md: multipath personality registered for level -4
[    3.484448] md: raid0 personality registered for level 0
[    3.488180] md: raid1 personality registered for level 1
[    3.559519] raid6: sse2x1   gen() 15131 MB/s
[    3.627529] raid6: sse2x1   xor() 11479 MB/s
[    3.695530] raid6: sse2x2   gen() 18762 MB/s
[    3.763513] raid6: sse2x2   xor() 13035 MB/s
[    3.831531] raid6: sse2x4   gen() 20802 MB/s
[    3.899492] raid6: sse2x4   xor() 14076 MB/s
[    3.967477] raid6: avx2x1   gen() 30278 MB/s
[    4.035528] raid6: avx2x2   gen() 34448 MB/s
[    4.103486] raid6: avx2x4   gen() 38010 MB/s
[    4.104354] raid6: using algorithm avx2x4 gen() 38010 MB/s
[    4.105353] raid6: using avx2x2 recovery algorithm
[    4.107083] xor: automatically using best checksumming function:
[    4.147596]    avx       : 31162.000 MB/sec
[    4.149510] async_tx: api initialized (async)
[    4.156128] md: raid6 personality registered for level 6
[    4.157300] md: raid5 personality registered for level 5
[    4.158367] md: raid4 personality registered for level 4
[    4.163709] md: raid10 personality registered for level 10
done.
Begin: Running /scripts/init-premount ... done.
Begin: Mounting root file system ... Begin: Running /scripts/local-top ... done.
Begin: Running /scripts/local-premount ... [    4.185554] Btrfs loaded
Scanning for Btrfs filesystems
done.
Warning: fsck not present, so skipping root file system
[    4.236530] EXT4-fs (sda1): mounted filesystem with ordered data mode. Opts: (null)
done.
Begin: Running /scripts/local-bottom ... done.
Begin: Running /scripts/init-bottom ... done.
[    4.302592] systemd[1]: systemd 229 running in system mode. (+PAM +AUDIT +SELINUX +IMA +APPARMOR +SMACK +SYSVINIT +UTMP +LIBCRYPTSETUP +GCRYPT +GNUTLS +ACL +XZ -LZ4 +SECCOMP +BLKID +ELFUTILS +KMOD -IDN)
[    4.305822] systemd[1]: Detected virtualization oracle.
[    4.306842] systemd[1]: Detected architecture x86-64.

Welcome to [1mUbuntu 16.04.7 LTS[0m!

[    4.309751] systemd[1]: Set hostname to <ubuntu>.
[    4.311912] systemd[1]: Initializing machine ID from random generator.
[    4.313065] systemd[1]: Installed transient /etc/machine-id file.
[    4.440856] systemd[1]: Listening on Journal Socket (/dev/log).
[[0;32m  OK  [0m] Listening on Journal Socket (/dev/log).
[    4.442815] systemd[1]: Listening on Journal Socket.
[[0;32m  OK  [0m] Listening on Journal Socket.
[    4.444497] systemd[1]: Listening on /dev/initctl Compatibility Named Pipe.
[[0;32m  OK  [0m] Listening on /dev/initctl Compatibility Named Pipe.
[    4.661468] systemd[1]: Listening on LVM2 metadata daemon socket.
[[0;32m  OK  [0m] Listening on LVM2 metadata daemon socket.
[    4.663413] systemd[1]: Started Trigger resolvconf update for networkd DNS.
[[0;32m  OK  [0m] Started Trigger resolvconf update for networkd DNS.
[    4.665476] systemd[1]: Listening on udev Control Socket.
[[0;32m  OK  [0m] Listening on udev Control Socket.
[    4.667287] systemd[1]: Reached target Swap.
[[0;32m  OK  [0m] Reached target Swap.
[    4.668825] systemd[1]: Listening on fsck to fsckd communication Socket.
[[0;32m  OK  [0m] Listening on fsck to fsckd communication Socket.
[    4.670991] systemd[1]: Created slice User and Session Slice.
[[0;32m  OK  [0m] Created slice User and Session Slice.
[    4.672840] systemd[1]: Reached target System Time Synchronized.
[[0;32m  OK  [0m] Reached target System Time Synchronized.
[    4.674681] systemd[1]: Listening on udev Kernel Socket.
[[0;32m  OK  [0m] Listening on udev Kernel Socket.
[    4.676463] systemd[1]: Started Forward Password Requests to Wall Directory Watch.
[[0;32m  OK  [0m] Started Forward Password Requests to Wall Directory Watch.
[    4.679007] systemd[1]: Set up automount Arbitrary Executable File Formats File System Automount Point.
[[0;32m  OK  [0m] Set up automount Arbitrary Executab...ats File System Automount Point.
[    4.681714] systemd[1]: Reached target User and Group Name Lookups.
[[0;32m  OK  [0m] Reached target User and Group Name Lookups.
[    4.683589] systemd[1]: Reached target Encrypted Volumes.
[[0;32m  OK  [0m] Reached target Encrypted Volumes.
[    4.685297] systemd[1]: Listening on Syslog Socket.
[[0;32m  OK  [0m] Listening on Syslog Socket.
[    4.686939] systemd[1]: Listening on Device-mapper event daemon FIFOs.
[[0;32m  OK  [0m] Listening on Device-mapper event daemon FIFOs.
[    4.688997] systemd[1]: Listening on Journal Audit Socket.
[[0;32m  OK  [0m] Listening on Journal Audit Socket.
[    4.691043] systemd[1]: Created slice System Slice.
[[0;32m  OK  [0m] Created slice System Slice.
[    4.703662] systemd[1]: Starting Create list of required static device nodes for the current kernel...
         Starting Create list of required st... nodes for the current kernel...
[    4.706819] systemd[1]: Starting Monitoring of LVM2 mirrors, snapshots etc. using dmeventd or progress polling...
         Starting Monitoring of LVM2 mirrors... dmeventd or progress polling...
[    4.710160] systemd[1]: Mounting Huge Pages File System...
         Mounting Huge Pages File System...
[    4.712354] systemd[1]: Starting Set console keymap...
         Starting Set console keymap...
[    4.719326] systemd[1]: Starting Load Kernel Modules...
         Starting Load Kernel Modules...
[    4.721069] systemd[1]: Reached target Slices.
[[0;32m  OK  [0m] Reached target Slices.
[    4.722943] systemd[1]: Starting Journal Service...
         Starting Journal Service...
[    4.724973] systemd[1]: Starting Uncomplicated firewall...
         Starting Uncomplicated firewall...
[    4.727070] systemd[1]: Starting Nameserver information manager...
         Starting Nameserver information manager...
[    4.729176] systemd[1]: Created slice system-serial\x2dgetty.slice.
[[0;32m  OK  [0m] Created slice system-serial\x2dgetty.slice.
[    4.738813] systemd[1]: Starting File System Check on Root Device...
         Starting File System Check on Root Device...
[    4.741190] systemd[1]: Mounting Debug File System...
         Mounting Debug File System...
[    4.743192] systemd[1]: Mounting POSIX Message Queue File System...
         Mounting POSIX Message Queue File System...
[    4.745289] systemd[1]: Listening on LVM2 poll daemon socket.
[[0;32m  OK  [0m] Listening on LVM2 poll daemon socket.
[    4.749196] systemd[1]: Mounted Huge Pages File System.
[[0;32m  OK  [0m] Mounted Huge Pages File System.
[    4.750949] systemd[1]: Mounted POSIX Message Queue File System.
[[0;32m  OK  [0m] Mounted POSIX Message Queue File System.
[    4.752849] Loading iSCSI transport class v2.0-870.
[    4.752854] systemd[1]: Mounted Debug File System.
[[0;32m  OK  [0m] Mounted Debug File System.
[    4.755989] systemd[1]: Started Create list of required static device nodes for the current kernel.
[[0;32m  OK  [0m] Started Create list of required sta...ce nodes for the current kernel.
[    4.759705] systemd[1]: Started Uncomplicated firewall.
[[0;32m  OK  [0m] Started Uncomplicated firewall.
[    4.763435] systemd[1]: Started LVM2 metadata daemon.
[[0;32m  OK  [0m] Started LVM2 metadata daemon.
[    4.766189] systemd[1]: Started File System Check Daemon to report status.
[[0;32m  OK  [0m] Started File System Check Daemon to report status.
[    4.770329] systemd[1]: Starting Create Static Device Nodes in /dev...
         Starting Create Static Device Nodes in /dev...
[    4.773893] systemd[1]: Started Nameserver information manager.
[[0;32m  OK  [0m] Started Nameserver information manager.[    4.776177] iscsi: registered transport (tcp)

[    4.777810] systemd[1]: Started Journal Service.
[[0;32m  OK  [0m] Started Journal Service.
[[0;32m  OK  [0m] Started File System Check on Root Device.
         Starting Remount Root and Kernel File Systems...
[    4.788994] EXT4-fs (sda1): re-mounted. Opts: (null)
[[0;32m  OK  [0m] Started Remount Root and Kernel File Systems.
         Starting Flush Journal to Persistent Storage...
         Starting Load/Save Random Seed...
         Starting udev Coldplug all Devices...
[[0;32m  OK  [0m] Started Load/Save Random Seed.
[    4.801081] systemd-journald[389]: Received request to flush runtime journal from PID 1
[[0;32m  OK  [0m] Started Flush Journal to Persistent Storage.
[[0;32m  OK  [0m] Started Create Static Device Nodes in /dev.
         Starting udev Kernel Device Manager...
[[0;32m  OK  [0m] Started udev Kernel Device Manager.
[    4.845687] iscsi: registered transport (iser)
[[0;32m  OK  [0m] Started Load Kernel Modules.
         Mounting FUSE Control File System...
         Starting Apply Kernel Variables...
[[0;32m  OK  [0m] [    4.859399] random: nonblocking pool is initialized
Mounted FUSE Control File System.
[[0;32m  OK  [0m] Started udev Coldplug all Devices.
[[0;32m  OK  [0m] Started Apply Kernel Variables.
[[0;32m  OK  [0m] Started Set console keymap.
[[0;32m  OK  [0m] Started Dispatch Password Requests to Console Directory Watch.
[[0;32m  OK  [0m] Found device /dev/ttyS0.
[[0;32m  OK  [0m] Listening on Load/Save RF Kill Switch Status /dev/rfkill Watch.
[[0;32m  OK  [0m] Started Monitoring of LVM2 mirrors,...ng dmeventd or progress polling.
[[0;32m  OK  [0m] Reached target Local File Systems (Pre).
[[0;32m  OK  [0m] Reached target Local File Systems.
         Starting Create Volatile Files and Directories...
         Starting LSB: AppArmor initialization...
         Starting Tell Plymouth To Write Out Runtime Data...
         Starting Set console font and keymap...
         Starting Initial cloud-init job (pre-networking)...
         Starting Commit a transient machine-id on disk...
[[0;32m  OK  [0m] Started Create Volatile Files and Directories.
[[0;32m  OK  [0m] Started Tell Plymouth To Write Out Runtime Data.
[[0;32m  OK  [0m] Started Commit a transient machine-id on disk.
         Starting Update UTMP about System Boot/Shutdown...
[[0;32m  OK  [0m] Started Update UTMP about System Boot/Shutdown.
[[0;32m  OK  [0m] Started Set console font and keymap.
[[0;32m  OK  [0m] Created slice system-getty.slice.
[    6.281201] cloud-init[636]: Cloud-init v. 21.1-19-gbad84ad4-0ubuntu1~16.04.2 running 'init-local' at Tue, 30 Nov 2021 09:38:22 +0000. Up 5.86 seconds.
[[0;32m  OK  [0m] Started Initial cloud-init job (pre-networking).
[[0;32m  OK  [0m] Reached target Network (Pre).
[[0;32m  OK  [0m] Started LSB: AppArmor initialization.
         Starting Raise network interfaces...
         Starting Load AppArmor profiles managed internally by snapd...
[[0;32m  OK  [0m] Started Load AppArmor profiles managed internally by snapd.
[[0;32m  OK  [0m] Started Raise network interfaces.
[[0;32m  OK  [0m] Reached target Network.
         Starting Initial cloud-init job (metadata service crawler)...
[    7.732559] cloud-init[971]: Cloud-init v. 21.1-19-gbad84ad4-0ubuntu1~16.04.2 running 'init' at Tue, 30 Nov 2021 09:38:24 +0000. Up 7.31 seconds.
[    7.734035] cloud-init[971]: ci-info: ++++++++++++++++++++++++++++++++++++++Net device info+++++++++++++++++++++++++++++++++++++++
[    7.735355] cloud-init[971]: ci-info: +--------+-------+----------------------------+---------------+--------+-------------------+
[    7.736598] cloud-init[971]: ci-info: | Device |   Up  |          Address           |      Mask     | Scope  |     Hw-Address    |
[    7.737870] cloud-init[971]: ci-info: +--------+-------+----------------------------+---------------+--------+-------------------+
[    7.739245] cloud-init[971]: ci-info: | enp0s3 |  True |         10.0.2.15          | 255.255.255.0 | global | 02:be:82:6b:cc:1d |
[    7.740583] cloud-init[971]: ci-info: | enp0s3 |  True | fe80::be:82ff:fe6b:cc1d/64 |       .       |  link  | 02:be:82:6b:cc:1d |
[    7.741817] cloud-init[971]: ci-info: | enp0s8 | False |             .              |       .       |   .    | 08:00:27:a0:cf:30 |
[    7.743003] cloud-init[971]: ci-info: |   lo   |  True |         127.0.0.1          |   255.0.0.0   |  host  |         .         |
[    7.744274] cloud-init[971]: ci-info: |   lo   |  True |          ::1/128           |       .       |  host  |         .         |
[    7.745505] cloud-init[971]: ci-info: +--------+-------+----------------------------+---------------+--------+-------------------+
[    7.746835] cloud-init[971]: ci-info: +++++++++++++++++++++++++++Route IPv4 info++++++++++++++++++++++++++++
[    7.752259] cloud-init[971]: ci-info: +-------+-------------+----------+---------------+-----------+-------+
[    7.753183] cloud-init[971]: ci-info: | Route | Destination | Gateway  |    Genmask    | Interface | Flags |
[    7.754344] cloud-init[971]: ci-info: +-------+-------------+----------+---------------+-----------+-------+
[    7.755515] cloud-init[971]: ci-info: |   0   |   0.0.0.0   | 10.0.2.2 |    0.0.0.0    |   enp0s3  |   UG  |
[    7.756708] cloud-init[971]: ci-info: |   1   |   10.0.2.0  | 0.0.0.0  | 255.255.255.0 |   enp0s3  |   U   |
[    7.757946] cloud-init[971]: ci-info: +-------+-------------+----------+---------------+-----------+-------+
[    7.759102] cloud-init[971]: ci-info: +++++++++++++++++++Route IPv6 info+++++++++++++++++++
[    7.760167] cloud-init[971]: ci-info: +-------+-------------+---------+-----------+-------+
[    7.761270] cloud-init[971]: ci-info: | Route | Destination | Gateway | Interface | Flags |
[    7.762307] cloud-init[971]: ci-info: +-------+-------------+---------+-----------+-------+
[    7.763374] cloud-init[971]: ci-info: |   0   |  fe80::/64  |    ::   |   enp0s3  |   U   |
[    7.768317] cloud-init[971]: ci-info: |   3   |   ff00::/8  |    ::   |   enp0s3  |   U   |
[    7.769328] cloud-init[971]: ci-info: +-------+-------------+---------+-----------+-------+
[    7.770308] cloud-init[971]: Generating public/private rsa key pair.
[    7.771183] cloud-init[971]: Your identification has been saved in /etc/ssh/ssh_host_rsa_key.
[    7.772254] cloud-init[971]: Your public key has been saved in /etc/ssh/ssh_host_rsa_key.pub.
[    7.773321] cloud-init[971]: The key fingerprint is:
[    7.774189] cloud-init[971]: SHA256:o3VlUlcoITyjasaRGd4IPFOISMc6o49OTPTc8tw4k4Q root@ubuntu-xenial
[    7.775267] cloud-init[971]: The key's randomart image is:
[    7.776150] cloud-init[971]: +---[RSA 2048]----+
[    7.776854] cloud-init[971]: |.o.+ o.  .. o..o.|
[    7.777641] cloud-init[971]: |. o.* .   +o...  |
[    7.778433] cloud-init[971]: | ..  = * ..oo.   |
[    7.779196] cloud-init[971]: |.+o o * o  +     |
[    7.779970] cloud-init[971]: |..oE + oS .      |
[    7.780666] cloud-init[971]: |+   = Oo o       |
[    7.781432] cloud-init[971]: | =   X..         |
[    7.782098] cloud-init[971]: |o .   o          |
[    7.782866] cloud-init[971]: |..               |
[    7.783624] cloud-init[971]: +----[SHA256]-----+
[    7.784436] cloud-init[971]: Generating public/private dsa key pair.
[    7.785248] cloud-init[971]: Your identification has been saved in /etc/ssh/ssh_host_dsa_key.
[[0;32m  OK  [0m] Started Initial cloud-init job (metadata service crawler).
[    7.799617] cloud-init[971]: [[0;32m  OK  [0m] Reached target System Initialization.
[[0;32m  OK  [0m] Started Daily apt download activities.
[[0;32m  OK  [0m] Started Ubuntu Advantage update messaging.
Your public key has been saved in /etc/ssh/ssh_host_dsa_key.pub.
[    7.802969] cloud-init[971]: The key fingerprint is:
[    7.803783] cloud-init[971]: SHA256:Gl7Aanj3Gtnc6UA3eTzf+gPukYGT8at02jyOHy70Ldg root@ubuntu-xenial
[    7.804860] cloud-init[971]: The key's randomart image is:
[    7.805683] cloud-init[971]: +---[DSA 1024]----+
[    7.806393] cloud-init[971]: |                 |
[    7.807156] cloud-init[971]: |     .           |
[    7.807853] cloud-init[971]: |      o    .     |
[    7.808615] cloud-init[971]: |   . . .   o=    |
[    7.809337] cloud-init[971]: |  . + o S +++o   |
[    7.810139] cloud-init[971]: |   o o X o =.++. |
[[0;32m  OK  [0m] Started ACPI Events Check.
[[0;32m  OK  [0m] Reached target Paths.
[    7.816628] cloud-init[971]: |      = = +.=*+ .|
[    7.818961] cloud-init[971]: |       o o.oOEo+ |
[    7.819787] cloud-init[971]: |      .   .+=B+.o|
[    7.820584] cloud-init[971]: +----[SHA256]-----+
[    7.821312] cloud-init[971]: Generating public/private ecdsa key pair.
         Starting LXD - unix socket.
[[0;32m  OK  [0m] Started Message of the Day.
[[0;32m  OK  [0m] Started Daily apt upgrade and clean activities.
[[0;32m  OK  [0m] Listening on UUID daemon activation socket.
[[0;32m  OK  [0m] Listening on D-Bus System Message Bus Socket.
[[0;32m  OK  [0m] Started Daily Cleanup of Temporary Directories.
[[0;32m  OK  [0m] Reached target Timers.
[[0;32m  OK  [0m] Listening on ACPID Listen Socket.
         Starting Socket activation for snappy daemon.[    7.822197] cloud-init[971]: Your identification has been saved in /etc/ssh/ssh_host_ecdsa_key.
[    7.827564] cloud-init[971]: Your public key has been saved in /etc/ssh/ssh_host_ecdsa_key.pub.
[    7.827841] cloud-init[971]: The key fingerprint is:
[    7.828198] cloud-init[971]: SHA256:AbjWn3ST6BQO6I9M4XMpZ2b/TRWjJ9bMcGfHJ0JqkzA root@ubuntu-xenial
[    7.828389] cloud-init[971]: The key's randomart image is:
[    7.828565] cloud-init[971]: +---[ECDSA 256]---+
[    7.828759] cloud-init[971]: |     o. E  ..  . |
[    7.828971] cloud-init[971]: |    + ...o oo = *|
[    7.829154] cloud-init[971]: |   o + +.o=. O *o|
[    7.829260] cloud-init[971]: |    O O =o+.+ *  |
[    7.829490] cloud-init[971]: |   + @ *So o +   |
[    7.829686] cloud-init[971]: |    o . =   .    |
[    7.829894] cloud-init[971]: |         . o     |
[    7.830122] cloud-init[971]: |          . .    |
[    7.830228] cloud-init[971]: |                 |

[    7.830356] cloud-init[971]: +----[SHA256]-----+
[    7.840270] cloud-init[971]: Generating public/private ed25519 key pair.
[    7.840440] cloud-init[971]: Your identification has been saved in /etc/ssh/ssh_host_ed25519_key.
[[0;32m  OK  [0m] Reached target Cloud-config availability.
[[    7.840482] cloud-init[971]: Your public key has been saved in /etc/ssh/ssh_host_ed25519_key.pub.
[    7.848858] cloud-init[971]: The key fingerprint is:
[    7.849055] cloud-init[971]: SHA256:o8ktYhR3zQqeOAE0NqwCjS89CAMq3InWkQToW7fi8fE root@ubuntu-xenial
[    7.849271] cloud-init[971]: The key's randomart image is:
[    7.849386] cloud-init[971]: +--[ED25519 256]--+
[    7.849596] cloud-init[971]: |+*Oo.            |
[    7.849821] cloud-init[971]: |O.*=o    o       |
[    7.850054] cloud-init[971]: |*X +o o . o      |
[    7.850154] cloud-init[971]: |B.+. B + .       |
[    7.850366] cloud-init[971]: |..o.= + S        |
[    7.850463] cloud-init[971]: | . + = + .       |
[    7.850577] cloud-init[971]: |  . * B .        |
[    7.850791] cloud-init[971]: |   o o E         |
[0;32m  OK  [0m] Reached target Network is Online.
[    7.850888] cloud-init[971]: |                 |
[    7.860775] cloud-init[971]: +----[SHA256]-----+
         Starting iSCSI initiator daemon (iscsid)...
[[0;32m  OK  [0m] Listening on LXD - unix socket.
[[0;32m  OK  [0m] Listening on Socket activation for snappy daemon.
[[0;32m  OK  [0m] Reached target Sockets.
[[0;32m  OK  [0m] Reached target Basic System.
         Starting LSB: MD monitoring daemon...
         Starting Virtualbox guest utils...
         Starting Pollinate to seed the pseudo random number generator...
         Starting LSB: Record successful boot for GRUB...
[[0;32m  OK  [0m] Started ACPI event daemon.
[[0;32m  OK  [0m] Started Deferred execution scheduler.
         Starting System Logging Service...
         Starting /etc/rc.local Compatibility...
         Starting Accounts Service...
[[0;32m  OK  [0m] Started FUSE filesystem for LXC.
[[0;32m  OK  [0m] Started Regular background program processing daemon.
         Starting Snap Daemon...
         Starting Login Service...
[[0;32m  OK  [0m] Started D-Bus System Message Bus.
         Starting LXD - container startup/shutdown...
[[0;32m  OK  [0m] Started System Logging Service.
[[0;32m  OK  [0m] Started iSCSI initiator daemon (iscsid).
[[0;32m  OK  [0m] Started /etc/rc.local Compatibility.
         Starting Authenticate and Authorize Users to Run Privileged Tasks...
         Starting Login to default iSCSI targets...
[[0;32m  OK  [0m] Started Login Service.
[[0;32m  OK  [0m] Started Unattended Upgrades Shutdown.
[[0;32m  OK  [0m] Started Login to default iSCSI targets.
[[0;32m  OK  [0m] Reached target Remote File Systems (Pre).
[[0;32m  OK  [0m] Reached target Remote File Systems.
         Starting LSB: automatic crash report generation...
         Starting LSB: daemon to balance interrupts for SMP systems...
         Starting Permit User Sessions...
         Starting LSB: Set the CPU Frequency Scaling governor to "ondemand"...
[[0;32m  OK  [0m] Started LSB: MD monitoring daemon.
[[0;32m  OK  [0m] Started Virtualbox guest utils.
[[0;32m  OK  [0m] Started LSB: Record successful boot for GRUB.
[[0;32m  OK  [0m] Started Permit User Sessions.
[[0;32m  OK  [0m] Started Authenticate and Authorize Users to Run Privileged Tasks.
[[0;32m  OK  [0m] Started Accounts Service.
[[0;32m  OK  [0m] Started LXD - container startup/shutdown.
         Starting Hold until boot process finishes up...
         Starting Terminate Plymouth Boot Screen...
[[0;32m  OK  [0m] Started LSB: automatic crash report generation.
[[0;32m  OK  [0m] Started LSB: daemon to balance interrupts for SMP systems.
[[0;32m  OK  [0m] Started Hold until boot process finishes up.
[[0;32m  OK  [0m] Started Terminate Plymouth Boot Screen.
[[0;32m  OK  [0m] Started Getty on tty1.
         Starting Set console scheme...
[[0;32m  OK  [0m] Started Serial Getty on ttyS0.
[[0;32m  OK  [0m] Reached target Login Prompts.
[[0;32m  OK  [0m] Started LSB: Set the CPU Frequency Scaling governor to "ondemand".
[[0;32m  OK  [0m] Started Set console scheme.
[[0;32m  OK  [0m] Started Snap Daemon.
         Starting Wait until snapd is fully seeded...
[[0;32m  OK  [0m] Started Pollinate to seed the pseudo random number generator.
         Starting OpenBSD Secure Shell server...
[[0;32m  OK  [0m] Started OpenBSD Secure Shell server.
[[0;32m  OK  [0m] Started Wait until snapd is fully seeded.
         Starting Apply the settings specified in cloud-config...
[[0;32m  OK  [0m] Reached target Multi-User System.
[[0;32m  OK  [0m] Reached target Graphical Interface.
         Starting Update UTMP about System Runlevel Changes...
[[0;32m  OK  [0m] Started Update UTMP about System Runlevel Changes.
[    9.098332] cloud-init[1311]: Generating locales (this might take a while)...
[    9.908113] cloud-init[1311]:   en_US.UTF-8... done
[    9.908892] cloud-init[1311]: Generation complete.
[   10.153515] cloud-init[1311]: Cloud-init v. 21.1-19-gbad84ad4-0ubuntu1~16.04.2 running 'modules:config' at Tue, 30 Nov 2021 09:38:25 +0000. Up 8.99 seconds.
[[0;32m  OK  [0m] Started Apply the settings specified in cloud-config.
         Starting Execute cloud user/final scripts...
ci-info: no authorized SSH keys fingerprints found for user ubuntu.
<14>Nov 30 09:38:27 ec2: 
<14>Nov 30 09:38:27 ec2: #############################################################
<14>Nov 30 09:38:27 ec2: -----BEGIN SSH HOST KEY FINGERPRINTS-----
<14>Nov 30 09:38:27 ec2: 1024 SHA256:Gl7Aanj3Gtnc6UA3eTzf+gPukYGT8at02jyOHy70Ldg root@ubuntu-xenial (DSA)
<14>Nov 30 09:38:27 ec2: 256 SHA256:AbjWn3ST6BQO6I9M4XMpZ2b/TRWjJ9bMcGfHJ0JqkzA root@ubuntu-xenial (ECDSA)
<14>Nov 30 09:38:27 ec2: 256 SHA256:o8ktYhR3zQqeOAE0NqwCjS89CAMq3InWkQToW7fi8fE root@ubuntu-xenial (ED25519)
<14>Nov 30 09:38:27 ec2: 2048 SHA256:o3VlUlcoITyjasaRGd4IPFOISMc6o49OTPTc8tw4k4Q root@ubuntu-xenial (RSA)
<14>Nov 30 09:38:27 ec2: -----END SSH HOST KEY FINGERPRINTS-----
<14>Nov 30 09:38:27 ec2: #############################################################
-----BEGIN SSH HOST KEY KEYS-----
ecdsa-sha2-nistp256 AAAAE2VjZHNhLXNoYTItbmlzdHAyNTYAAAAIbmlzdHAyNTYAAABBBGyfhxHZqSPBtUzrwrhr/QuPfdSdkhPnTflV7zS3U0QvlD4cMlcOHk8yxV/RnI3bLDGK9uVVbpMHy+xUw4gqkao= root@ubuntu-xenial
ssh-ed25519 AAAAC3NzaC1lZDI1NTE5AAAAIMui2Yk9h1odnvTgrS06Req+eaY8GjYaEXZkSTnmCCwV root@ubuntu-xenial
ssh-rsa AAAAB3NzaC1yc2EAAAADAQABAAABAQClD8gpnpvczFQyjZOJytLAGPBPt3qy2502kLNNTgbRwQ0jfRZyKMw7KUUf5CBASf+v4i3FOchoAHKP7Syl47CgCBUi12YOP/Zwlz4ny7kO8431RNAhXtjuDleOoGqrDCMdIZV95I2g+KsfKLBs18jnftKgjaoB8WRAV3K3+3TUPE+agLoIKoyhc3ykiwK8dZuq3JOLVyUVm0cFqGPEpuRA/K2YRdf3IqMXJK99MzheGOSz2RVAdYa/FC5miYMQ9Zf3hX+eG3wgPn2axu/Vy3BYxIsL5rDW26Ya6WJClLeVyl1DQHuh2YAjF7O6WoL6ghoqOuSY3ONCd4VHOD680vUl root@ubuntu-xenial
-----END SSH HOST KEY KEYS-----
[   10.661503] cloud-init[1355]: Cloud-init v. 21.1-19-gbad84ad4-0ubuntu1~16.04.2 running 'modules:final' at Tue, 30 Nov 2021 09:38:27 +0000. Up 10.50 seconds.
[   10.663038] cloud-init[1355]: ci-info: no authorized SSH keys fingerprints found for user ubuntu.
[   10.664206] cloud-init[1355]: Cloud-init v. 21.1-19-gbad84ad4-0ubuntu1~16.04.2 finished at Tue, 30 Nov 2021 09:38:27 +0000. Datasource DataSourceNoCloud [seed=/dev/sdb][dsmode=net].  Up 10.65 seconds
[[0;32m  OK  [0m] Started Execute cloud user/final scripts.
[[0;32m  OK  [0m] Reached target Cloud-init target.

Ubuntu 16.04.7 LTS ubuntu-xenial ttyS0

ubuntu-xenial login: 